#
# There is insufficient memory for the Java Runtime Environment to continue.
# Native memory allocation (malloc) failed to allocate 1359856 bytes for Chunk::new
# Possible reasons:
#   The system is out of physical RAM or swap space
#   The process is running with CompressedOops enabled, and the Java Heap may be blocking the growth of the native heap
# Possible solutions:
#   Reduce memory load on the system
#   Increase physical memory or swap space
#   Check if swap backing store is full
#   Decrease Java heap size (-Xmx/-Xms)
#   Decrease number of Java threads
#   Decrease Java thread stack sizes (-Xss)
#   Set larger code cache with -XX:ReservedCodeCacheSize=
#   JVM is running with Zero Based Compressed Oops mode in which the Java heap is
#     placed in the first 32GB address space. The Java Heap base address is the
#     maximum limit for the native heap growth. Please use -XX:HeapBaseMinAddress
#     to set the Java Heap base and to place the Java Heap above 32GB virtual address.
# This output file may be truncated or incomplete.
#
#  Out of Memory Error (./src/hotspot/share/memory/arena.cpp:197), pid=1664, tid=7892
#
# JRE version: OpenJDK Runtime Environment (11.0.10) (build 11.0.10+0-b96-7249189)
# Java VM: OpenJDK 64-Bit Server VM (11.0.10+0-b96-7249189, mixed mode, tiered, compressed oops, g1 gc, windows-amd64)
# No core dump will be written. Minidumps are not enabled by default on client versions of Windows
#

---------------  S U M M A R Y ------------

Command Line: org.jetbrains.kotlin.cli.jvm.K2JVMCompiler @D:\OneDrive\OneDrive - Office 365 Fontys\Uni\Electives\ANDR\ANDR2\app\build\20211125_5162908179148761791.compiler.options

Host: Intel(R) Core(TM) i7-8565U CPU @ 1.80GHz, 8 cores, 15G,  Windows 10 , 64 bit Build 18362 (10.0.18362.1916)
Time: Thu Nov 25 14:35:08 2021 W. Europe Standard Time elapsed time: 2.157582 seconds (0d 0h 0m 2s)

---------------  T H R E A D  ---------------

Current thread (0x000001ea002bf000):  JavaThread "C2 CompilerThread2" daemon [_thread_in_native, id=7892, stack(0x000000158e600000,0x000000158e700000)]


Current CompileTask:
C2:   2157 3019       4       jdk.internal.loader.ClassLoaders$AppClassLoader::loadClass (40 bytes)

Stack: [0x000000158e600000,0x000000158e700000]
Native frames: (J=compiled Java code, j=interpreted, Vv=VM code, C=native code)
V  [jvm.dll+0x5ecfaa]
V  [jvm.dll+0x722bd5]
V  [jvm.dll+0x72412d]
V  [jvm.dll+0x7247e3]
V  [jvm.dll+0x242928]
V  [jvm.dll+0xbc4fc]
V  [jvm.dll+0xbca0c]
V  [jvm.dll+0x2b4fd4]
V  [jvm.dll+0x506028]
V  [jvm.dll+0x203253]
V  [jvm.dll+0x1fd07c]
V  [jvm.dll+0x1fa77f]
V  [jvm.dll+0x18354c]
V  [jvm.dll+0x208ee7]
V  [jvm.dll+0x207731]
V  [jvm.dll+0x6eb1cf]
V  [jvm.dll+0x6e3d45]
V  [jvm.dll+0x5ebe96]
C  [ucrtbase.dll+0x210b2]
C  [KERNEL32.DLL+0x17c24]
C  [ntdll.dll+0x6d721]


---------------  P R O C E S S  ---------------

Threads class SMR info:
_java_thread_list=0x000001ea002881a0, length=12, elements={
0x000001ea606ff000, 0x000001ea7f6f3800, 0x000001ea7f6f7000, 0x000001ea7f70a800,
0x000001ea7f70b800, 0x000001ea7f70c800, 0x000001ea000b7000, 0x000001ea000b8000,
0x000001ea000b9800, 0x000001ea0028a800, 0x000001ea00284000, 0x000001ea002bf000
}

Java Threads: ( => current thread )
  0x000001ea606ff000 JavaThread "main" [_thread_in_native, id=11256, stack(0x000000158d400000,0x000000158d500000)]
  0x000001ea7f6f3800 JavaThread "Reference Handler" daemon [_thread_blocked, id=13400, stack(0x000000158db00000,0x000000158dc00000)]
  0x000001ea7f6f7000 JavaThread "Finalizer" daemon [_thread_blocked, id=7008, stack(0x000000158dc00000,0x000000158dd00000)]
  0x000001ea7f70a800 JavaThread "Signal Dispatcher" daemon [_thread_blocked, id=9844, stack(0x000000158dd00000,0x000000158de00000)]
  0x000001ea7f70b800 JavaThread "Attach Listener" daemon [_thread_blocked, id=15628, stack(0x000000158de00000,0x000000158df00000)]
  0x000001ea7f70c800 JavaThread "Service Thread" daemon [_thread_blocked, id=2604, stack(0x000000158df00000,0x000000158e000000)]
  0x000001ea000b7000 JavaThread "C2 CompilerThread0" daemon [_thread_in_native, id=13612, stack(0x000000158e000000,0x000000158e100000)]
  0x000001ea000b8000 JavaThread "C1 CompilerThread0" daemon [_thread_blocked, id=14112, stack(0x000000158e100000,0x000000158e200000)]
  0x000001ea000b9800 JavaThread "Sweeper thread" daemon [_thread_blocked, id=15012, stack(0x000000158e200000,0x000000158e300000)]
  0x000001ea0028a800 JavaThread "Common-Cleaner" daemon [_thread_blocked, id=1992, stack(0x000000158e400000,0x000000158e500000)]
  0x000001ea00284000 JavaThread "C2 CompilerThread1" daemon [_thread_in_native, id=13056, stack(0x000000158e500000,0x000000158e600000)]
=>0x000001ea002bf000 JavaThread "C2 CompilerThread2" daemon [_thread_in_native, id=7892, stack(0x000000158e600000,0x000000158e700000)]

Other Threads:
  0x000001ea000a6000 VMThread "VM Thread" [stack: 0x000000158da00000,0x000000158db00000] [id=15372]
  0x000001ea00271000 WatcherThread [stack: 0x000000158e300000,0x000000158e400000] [id=14632]
  0x000001ea60717800 GCTaskThread "GC Thread#0" [stack: 0x000000158d500000,0x000000158d600000] [id=11844]
  0x000001ea00956000 GCTaskThread "GC Thread#1" [stack: 0x000000158e700000,0x000000158e800000] [id=15480]
  0x000001ea00a53000 GCTaskThread "GC Thread#2" [stack: 0x000000158e800000,0x000000158e900000] [id=16516]
  0x000001ea00a53800 GCTaskThread "GC Thread#3" [stack: 0x000000158e900000,0x000000158ea00000] [id=4804]
  0x000001ea00a4f800 GCTaskThread "GC Thread#4" [stack: 0x000000158ea00000,0x000000158eb00000] [id=9648]
  0x000001ea00a50000 GCTaskThread "GC Thread#5" [stack: 0x000000158eb00000,0x000000158ec00000] [id=7768]
  0x000001ea60773800 ConcurrentGCThread "G1 Main Marker" [stack: 0x000000158d600000,0x000000158d700000] [id=18200]
  0x000001ea60775000 ConcurrentGCThread "G1 Conc#0" [stack: 0x000000158d700000,0x000000158d800000] [id=11664]
  0x000001ea015c9800 ConcurrentGCThread "G1 Conc#1" [stack: 0x000000158ec00000,0x000000158ed00000] [id=15724]
  0x000001ea7f5db800 ConcurrentGCThread "G1 Refine#0" [stack: 0x000000158d800000,0x000000158d900000] [id=16560]
  0x000001ea015c8800 ConcurrentGCThread "G1 Refine#1" [stack: 0x000000158ed00000,0x000000158ee00000] [id=16544]
  0x000001ea015b4800 ConcurrentGCThread "G1 Refine#2" [stack: 0x000000158ee00000,0x000000158ef00000] [id=9268]
  0x000001ea01617800 ConcurrentGCThread "G1 Refine#3" [stack: 0x000000158ef00000,0x000000158f000000] [id=17456]
  0x000001ea01619800 ConcurrentGCThread "G1 Refine#4" [stack: 0x000000158f000000,0x000000158f100000] [id=976]
  0x000001ea016ad800 ConcurrentGCThread "G1 Refine#5" [stack: 0x000000158f100000,0x000000158f200000] [id=14208]
  0x000001ea7f5dc800 ConcurrentGCThread "G1 Young RemSet Sampling" [stack: 0x000000158d900000,0x000000158da00000] [id=18216]

Threads with active compile tasks:
C2 CompilerThread0   2166 2982       4       java.lang.ClassLoader::loadClass (7 bytes)
C2 CompilerThread1   2166 3352       4       jdk.internal.reflect.UTF8::utf8Length (81 bytes)
C2 CompilerThread2   2166 3019       4       jdk.internal.loader.ClassLoaders$AppClassLoader::loadClass (40 bytes)

VM state:not at safepoint (normal execution)

VM Mutex/Monitor currently owned by a thread: None

Heap address: 0x0000000702e00000, size: 4050 MB, Compressed Oops mode: Zero based, Oop shift amount: 3
Narrow klass base: 0x0000000800000000, Narrow klass shift: 0
Compressed class space size: 1073741824 Address: 0x0000000800000000

Heap:
 garbage-first heap   total 312320K, used 64080K [0x0000000702e00000, 0x0000000800000000)
  region size 1024K, 44 young (45056K), 2 survivors (2048K)
 Metaspace       used 44467K, capacity 44980K, committed 45084K, reserved 1089536K
  class space    used 5264K, capacity 5471K, committed 5504K, reserved 1048576K
Heap Regions: E=young(eden), S=young(survivor), O=old, HS=humongous(starts), HC=humongous(continues), CS=collection set, F=free, A=archive, TAMS=top-at-mark-start (previous, next)
|   0|0x0000000702e00000, 0x0000000702f00000, 0x0000000702f00000|100%|HS|  |TAMS 0x0000000702f00000, 0x0000000702e00000| Complete 
|   1|0x0000000702f00000, 0x0000000703000000, 0x0000000703000000|100%|HC|  |TAMS 0x0000000703000000, 0x0000000702f00000| Complete 
|   2|0x0000000703000000, 0x0000000703100000, 0x0000000703100000|100%|HC|  |TAMS 0x0000000703100000, 0x0000000703000000| Complete 
|   3|0x0000000703100000, 0x0000000703200000, 0x0000000703200000|100%|HS|  |TAMS 0x0000000703200000, 0x0000000703100000| Complete 
|   4|0x0000000703200000, 0x0000000703300000, 0x0000000703300000|100%|HC|  |TAMS 0x0000000703300000, 0x0000000703200000| Complete 
|   5|0x0000000703300000, 0x0000000703400000, 0x0000000703400000|100%|HC|  |TAMS 0x0000000703400000, 0x0000000703300000| Complete 
|   6|0x0000000703400000, 0x0000000703400000, 0x0000000703500000|  0%| F|  |TAMS 0x0000000703400000, 0x0000000703400000| Untracked 
|   7|0x0000000703500000, 0x0000000703500000, 0x0000000703600000|  0%| F|  |TAMS 0x0000000703500000, 0x0000000703500000| Untracked 
|   8|0x0000000703600000, 0x0000000703700000, 0x0000000703700000|100%| O|  |TAMS 0x0000000703700000, 0x0000000703600000| Untracked 
|   9|0x0000000703700000, 0x0000000703800000, 0x0000000703800000|100%| O|  |TAMS 0x0000000703800000, 0x0000000703700000| Untracked 
|  10|0x0000000703800000, 0x0000000703900000, 0x0000000703900000|100%| O|  |TAMS 0x0000000703900000, 0x0000000703800000| Untracked 
|  11|0x0000000703900000, 0x0000000703a00000, 0x0000000703a00000|100%| O|  |TAMS 0x0000000703a00000, 0x0000000703900000| Untracked 
|  12|0x0000000703a00000, 0x0000000703b00000, 0x0000000703b00000|100%| O|  |TAMS 0x0000000703b00000, 0x0000000703a00000| Untracked 
|  13|0x0000000703b00000, 0x0000000703c00000, 0x0000000703c00000|100%| O|  |TAMS 0x0000000703c00000, 0x0000000703b00000| Untracked 
|  14|0x0000000703c00000, 0x0000000703d00000, 0x0000000703d00000|100%| O|  |TAMS 0x0000000703d00000, 0x0000000703c00000| Untracked 
|  15|0x0000000703d00000, 0x0000000703e00000, 0x0000000703e00000|100%| O|  |TAMS 0x0000000703e00000, 0x0000000703d00000| Untracked 
|  16|0x0000000703e00000, 0x0000000703f00000, 0x0000000703f00000|100%| O|  |TAMS 0x0000000703f00000, 0x0000000703e00000| Untracked 
|  17|0x0000000703f00000, 0x0000000704000000, 0x0000000704000000|100%| O|  |TAMS 0x0000000704000000, 0x0000000703f00000| Untracked 
|  18|0x0000000704000000, 0x0000000704100000, 0x0000000704100000|100%| O|  |TAMS 0x0000000704100000, 0x0000000704000000| Untracked 
|  19|0x0000000704100000, 0x0000000704200000, 0x0000000704200000|100%| O|  |TAMS 0x0000000704200000, 0x0000000704100000| Untracked 
|  20|0x0000000704200000, 0x0000000704300000, 0x0000000704300000|100%| O|  |TAMS 0x0000000704300000, 0x0000000704200000| Untracked 
|  21|0x0000000704300000, 0x00000007043b2e00, 0x0000000704400000| 69%| O|  |TAMS 0x00000007043b2e00, 0x0000000704300000| Untracked 
|  22|0x0000000704400000, 0x0000000704400000, 0x0000000704500000|  0%| F|  |TAMS 0x0000000704400000, 0x0000000704400000| Untracked 
|  23|0x0000000704500000, 0x0000000704500000, 0x0000000704600000|  0%| F|  |TAMS 0x0000000704500000, 0x0000000704500000| Untracked 
|  24|0x0000000704600000, 0x0000000704600000, 0x0000000704700000|  0%| F|  |TAMS 0x0000000704600000, 0x0000000704600000| Untracked 
|  25|0x0000000704700000, 0x0000000704700000, 0x0000000704800000|  0%| F|  |TAMS 0x0000000704700000, 0x0000000704700000| Untracked 
|  26|0x0000000704800000, 0x0000000704800000, 0x0000000704900000|  0%| F|  |TAMS 0x0000000704800000, 0x0000000704800000| Untracked 
|  27|0x0000000704900000, 0x0000000704900000, 0x0000000704a00000|  0%| F|  |TAMS 0x0000000704900000, 0x0000000704900000| Untracked 
|  28|0x0000000704a00000, 0x0000000704a00000, 0x0000000704b00000|  0%| F|  |TAMS 0x0000000704a00000, 0x0000000704a00000| Untracked 
|  29|0x0000000704b00000, 0x0000000704b00000, 0x0000000704c00000|  0%| F|  |TAMS 0x0000000704b00000, 0x0000000704b00000| Untracked 
|  30|0x0000000704c00000, 0x0000000704c00000, 0x0000000704d00000|  0%| F|  |TAMS 0x0000000704c00000, 0x0000000704c00000| Untracked 
|  31|0x0000000704d00000, 0x0000000704d00000, 0x0000000704e00000|  0%| F|  |TAMS 0x0000000704d00000, 0x0000000704d00000| Untracked 
|  32|0x0000000704e00000, 0x0000000704e00000, 0x0000000704f00000|  0%| F|  |TAMS 0x0000000704e00000, 0x0000000704e00000| Untracked 
|  33|0x0000000704f00000, 0x0000000704f00000, 0x0000000705000000|  0%| F|  |TAMS 0x0000000704f00000, 0x0000000704f00000| Untracked 
|  34|0x0000000705000000, 0x0000000705000000, 0x0000000705100000|  0%| F|  |TAMS 0x0000000705000000, 0x0000000705000000| Untracked 
|  35|0x0000000705100000, 0x0000000705100000, 0x0000000705200000|  0%| F|  |TAMS 0x0000000705100000, 0x0000000705100000| Untracked 
|  36|0x0000000705200000, 0x0000000705200000, 0x0000000705300000|  0%| F|  |TAMS 0x0000000705200000, 0x0000000705200000| Untracked 
|  37|0x0000000705300000, 0x0000000705300000, 0x0000000705400000|  0%| F|  |TAMS 0x0000000705300000, 0x0000000705300000| Untracked 
|  38|0x0000000705400000, 0x0000000705400000, 0x0000000705500000|  0%| F|  |TAMS 0x0000000705400000, 0x0000000705400000| Untracked 
|  39|0x0000000705500000, 0x0000000705500000, 0x0000000705600000|  0%| F|  |TAMS 0x0000000705500000, 0x0000000705500000| Untracked 
|  40|0x0000000705600000, 0x0000000705600000, 0x0000000705700000|  0%| F|  |TAMS 0x0000000705600000, 0x0000000705600000| Untracked 
|  41|0x0000000705700000, 0x0000000705700000, 0x0000000705800000|  0%| F|  |TAMS 0x0000000705700000, 0x0000000705700000| Untracked 
|  42|0x0000000705800000, 0x0000000705800000, 0x0000000705900000|  0%| F|  |TAMS 0x0000000705800000, 0x0000000705800000| Untracked 
|  43|0x0000000705900000, 0x0000000705900000, 0x0000000705a00000|  0%| F|  |TAMS 0x0000000705900000, 0x0000000705900000| Untracked 
|  44|0x0000000705a00000, 0x0000000705a00000, 0x0000000705b00000|  0%| F|  |TAMS 0x0000000705a00000, 0x0000000705a00000| Untracked 
|  45|0x0000000705b00000, 0x0000000705b00000, 0x0000000705c00000|  0%| F|  |TAMS 0x0000000705b00000, 0x0000000705b00000| Untracked 
|  46|0x0000000705c00000, 0x0000000705c00000, 0x0000000705d00000|  0%| F|  |TAMS 0x0000000705c00000, 0x0000000705c00000| Untracked 
|  47|0x0000000705d00000, 0x0000000705d00000, 0x0000000705e00000|  0%| F|  |TAMS 0x0000000705d00000, 0x0000000705d00000| Untracked 
|  48|0x0000000705e00000, 0x0000000705e00000, 0x0000000705f00000|  0%| F|  |TAMS 0x0000000705e00000, 0x0000000705e00000| Untracked 
|  49|0x0000000705f00000, 0x0000000705f00000, 0x0000000706000000|  0%| F|  |TAMS 0x0000000705f00000, 0x0000000705f00000| Untracked 
|  50|0x0000000706000000, 0x0000000706000000, 0x0000000706100000|  0%| F|  |TAMS 0x0000000706000000, 0x0000000706000000| Untracked 
|  51|0x0000000706100000, 0x0000000706100000, 0x0000000706200000|  0%| F|  |TAMS 0x0000000706100000, 0x0000000706100000| Untracked 
|  52|0x0000000706200000, 0x0000000706200000, 0x0000000706300000|  0%| F|  |TAMS 0x0000000706200000, 0x0000000706200000| Untracked 
|  53|0x0000000706300000, 0x0000000706300000, 0x0000000706400000|  0%| F|  |TAMS 0x0000000706300000, 0x0000000706300000| Untracked 
|  54|0x0000000706400000, 0x0000000706400000, 0x0000000706500000|  0%| F|  |TAMS 0x0000000706400000, 0x0000000706400000| Untracked 
|  55|0x0000000706500000, 0x0000000706500000, 0x0000000706600000|  0%| F|  |TAMS 0x0000000706500000, 0x0000000706500000| Untracked 
|  56|0x0000000706600000, 0x0000000706600000, 0x0000000706700000|  0%| F|  |TAMS 0x0000000706600000, 0x0000000706600000| Untracked 
|  57|0x0000000706700000, 0x0000000706700000, 0x0000000706800000|  0%| F|  |TAMS 0x0000000706700000, 0x0000000706700000| Untracked 
|  58|0x0000000706800000, 0x0000000706800000, 0x0000000706900000|  0%| F|  |TAMS 0x0000000706800000, 0x0000000706800000| Untracked 
|  59|0x0000000706900000, 0x0000000706900000, 0x0000000706a00000|  0%| F|  |TAMS 0x0000000706900000, 0x0000000706900000| Untracked 
|  60|0x0000000706a00000, 0x0000000706a00000, 0x0000000706b00000|  0%| F|  |TAMS 0x0000000706a00000, 0x0000000706a00000| Untracked 
|  61|0x0000000706b00000, 0x0000000706b00000, 0x0000000706c00000|  0%| F|  |TAMS 0x0000000706b00000, 0x0000000706b00000| Untracked 
|  62|0x0000000706c00000, 0x0000000706c00000, 0x0000000706d00000|  0%| F|  |TAMS 0x0000000706c00000, 0x0000000706c00000| Untracked 
|  63|0x0000000706d00000, 0x0000000706d00000, 0x0000000706e00000|  0%| F|  |TAMS 0x0000000706d00000, 0x0000000706d00000| Untracked 
|  64|0x0000000706e00000, 0x0000000706e00000, 0x0000000706f00000|  0%| F|  |TAMS 0x0000000706e00000, 0x0000000706e00000| Untracked 
|  65|0x0000000706f00000, 0x0000000706f00000, 0x0000000707000000|  0%| F|  |TAMS 0x0000000706f00000, 0x0000000706f00000| Untracked 
|  66|0x0000000707000000, 0x0000000707000000, 0x0000000707100000|  0%| F|  |TAMS 0x0000000707000000, 0x0000000707000000| Untracked 
|  67|0x0000000707100000, 0x0000000707100000, 0x0000000707200000|  0%| F|  |TAMS 0x0000000707100000, 0x0000000707100000| Untracked 
|  68|0x0000000707200000, 0x0000000707200000, 0x0000000707300000|  0%| F|  |TAMS 0x0000000707200000, 0x0000000707200000| Untracked 
|  69|0x0000000707300000, 0x0000000707300000, 0x0000000707400000|  0%| F|  |TAMS 0x0000000707300000, 0x0000000707300000| Untracked 
|  70|0x0000000707400000, 0x0000000707400000, 0x0000000707500000|  0%| F|  |TAMS 0x0000000707400000, 0x0000000707400000| Untracked 
|  71|0x0000000707500000, 0x0000000707500000, 0x0000000707600000|  0%| F|  |TAMS 0x0000000707500000, 0x0000000707500000| Untracked 
|  72|0x0000000707600000, 0x0000000707600000, 0x0000000707700000|  0%| F|  |TAMS 0x0000000707600000, 0x0000000707600000| Untracked 
|  73|0x0000000707700000, 0x0000000707700000, 0x0000000707800000|  0%| F|  |TAMS 0x0000000707700000, 0x0000000707700000| Untracked 
|  74|0x0000000707800000, 0x0000000707800000, 0x0000000707900000|  0%| F|  |TAMS 0x0000000707800000, 0x0000000707800000| Untracked 
|  75|0x0000000707900000, 0x0000000707900000, 0x0000000707a00000|  0%| F|  |TAMS 0x0000000707900000, 0x0000000707900000| Untracked 
|  76|0x0000000707a00000, 0x0000000707a00000, 0x0000000707b00000|  0%| F|  |TAMS 0x0000000707a00000, 0x0000000707a00000| Untracked 
|  77|0x0000000707b00000, 0x0000000707b00000, 0x0000000707c00000|  0%| F|  |TAMS 0x0000000707b00000, 0x0000000707b00000| Untracked 
|  78|0x0000000707c00000, 0x0000000707c00000, 0x0000000707d00000|  0%| F|  |TAMS 0x0000000707c00000, 0x0000000707c00000| Untracked 
|  79|0x0000000707d00000, 0x0000000707d00000, 0x0000000707e00000|  0%| F|  |TAMS 0x0000000707d00000, 0x0000000707d00000| Untracked 
|  80|0x0000000707e00000, 0x0000000707e00000, 0x0000000707f00000|  0%| F|  |TAMS 0x0000000707e00000, 0x0000000707e00000| Untracked 
|  81|0x0000000707f00000, 0x0000000707f00000, 0x0000000708000000|  0%| F|  |TAMS 0x0000000707f00000, 0x0000000707f00000| Untracked 
|  82|0x0000000708000000, 0x0000000708000000, 0x0000000708100000|  0%| F|  |TAMS 0x0000000708000000, 0x0000000708000000| Untracked 
|  83|0x0000000708100000, 0x0000000708100000, 0x0000000708200000|  0%| F|  |TAMS 0x0000000708100000, 0x0000000708100000| Untracked 
|  84|0x0000000708200000, 0x0000000708200000, 0x0000000708300000|  0%| F|  |TAMS 0x0000000708200000, 0x0000000708200000| Untracked 
|  85|0x0000000708300000, 0x0000000708300000, 0x0000000708400000|  0%| F|  |TAMS 0x0000000708300000, 0x0000000708300000| Untracked 
|  86|0x0000000708400000, 0x0000000708400000, 0x0000000708500000|  0%| F|  |TAMS 0x0000000708400000, 0x0000000708400000| Untracked 
|  87|0x0000000708500000, 0x0000000708500000, 0x0000000708600000|  0%| F|  |TAMS 0x0000000708500000, 0x0000000708500000| Untracked 
|  88|0x0000000708600000, 0x0000000708600000, 0x0000000708700000|  0%| F|  |TAMS 0x0000000708600000, 0x0000000708600000| Untracked 
|  89|0x0000000708700000, 0x0000000708700000, 0x0000000708800000|  0%| F|  |TAMS 0x0000000708700000, 0x0000000708700000| Untracked 
|  90|0x0000000708800000, 0x0000000708800000, 0x0000000708900000|  0%| F|  |TAMS 0x0000000708800000, 0x0000000708800000| Untracked 
|  91|0x0000000708900000, 0x0000000708900000, 0x0000000708a00000|  0%| F|  |TAMS 0x0000000708900000, 0x0000000708900000| Untracked 
|  92|0x0000000708a00000, 0x0000000708a00000, 0x0000000708b00000|  0%| F|  |TAMS 0x0000000708a00000, 0x0000000708a00000| Untracked 
|  93|0x0000000708b00000, 0x0000000708b00000, 0x0000000708c00000|  0%| F|  |TAMS 0x0000000708b00000, 0x0000000708b00000| Untracked 
|  94|0x0000000708c00000, 0x0000000708c00000, 0x0000000708d00000|  0%| F|  |TAMS 0x0000000708c00000, 0x0000000708c00000| Untracked 
|  95|0x0000000708d00000, 0x0000000708d00000, 0x0000000708e00000|  0%| F|  |TAMS 0x0000000708d00000, 0x0000000708d00000| Untracked 
|  96|0x0000000708e00000, 0x0000000708e00000, 0x0000000708f00000|  0%| F|  |TAMS 0x0000000708e00000, 0x0000000708e00000| Untracked 
|  97|0x0000000708f00000, 0x0000000708f00000, 0x0000000709000000|  0%| F|  |TAMS 0x0000000708f00000, 0x0000000708f00000| Untracked 
|  98|0x0000000709000000, 0x0000000709000000, 0x0000000709100000|  0%| F|  |TAMS 0x0000000709000000, 0x0000000709000000| Untracked 
|  99|0x0000000709100000, 0x0000000709100000, 0x0000000709200000|  0%| F|  |TAMS 0x0000000709100000, 0x0000000709100000| Untracked 
| 100|0x0000000709200000, 0x0000000709200000, 0x0000000709300000|  0%| F|  |TAMS 0x0000000709200000, 0x0000000709200000| Untracked 
| 101|0x0000000709300000, 0x0000000709300000, 0x0000000709400000|  0%| F|  |TAMS 0x0000000709300000, 0x0000000709300000| Untracked 
| 102|0x0000000709400000, 0x0000000709400000, 0x0000000709500000|  0%| F|  |TAMS 0x0000000709400000, 0x0000000709400000| Untracked 
| 103|0x0000000709500000, 0x0000000709500000, 0x0000000709600000|  0%| F|  |TAMS 0x0000000709500000, 0x0000000709500000| Untracked 
| 104|0x0000000709600000, 0x0000000709600000, 0x0000000709700000|  0%| F|  |TAMS 0x0000000709600000, 0x0000000709600000| Untracked 
| 105|0x0000000709700000, 0x0000000709700000, 0x0000000709800000|  0%| F|  |TAMS 0x0000000709700000, 0x0000000709700000| Untracked 
| 106|0x0000000709800000, 0x0000000709800000, 0x0000000709900000|  0%| F|  |TAMS 0x0000000709800000, 0x0000000709800000| Untracked 
| 107|0x0000000709900000, 0x0000000709900000, 0x0000000709a00000|  0%| F|  |TAMS 0x0000000709900000, 0x0000000709900000| Untracked 
| 108|0x0000000709a00000, 0x0000000709a00000, 0x0000000709b00000|  0%| F|  |TAMS 0x0000000709a00000, 0x0000000709a00000| Untracked 
| 109|0x0000000709b00000, 0x0000000709b00000, 0x0000000709c00000|  0%| F|  |TAMS 0x0000000709b00000, 0x0000000709b00000| Untracked 
| 110|0x0000000709c00000, 0x0000000709c00000, 0x0000000709d00000|  0%| F|  |TAMS 0x0000000709c00000, 0x0000000709c00000| Untracked 
| 111|0x0000000709d00000, 0x0000000709d00000, 0x0000000709e00000|  0%| F|  |TAMS 0x0000000709d00000, 0x0000000709d00000| Untracked 
| 112|0x0000000709e00000, 0x0000000709e00000, 0x0000000709f00000|  0%| F|  |TAMS 0x0000000709e00000, 0x0000000709e00000| Untracked 
| 113|0x0000000709f00000, 0x0000000709f00000, 0x000000070a000000|  0%| F|  |TAMS 0x0000000709f00000, 0x0000000709f00000| Untracked 
| 114|0x000000070a000000, 0x000000070a000000, 0x000000070a100000|  0%| F|  |TAMS 0x000000070a000000, 0x000000070a000000| Untracked 
| 115|0x000000070a100000, 0x000000070a100000, 0x000000070a200000|  0%| F|  |TAMS 0x000000070a100000, 0x000000070a100000| Untracked 
| 116|0x000000070a200000, 0x000000070a200000, 0x000000070a300000|  0%| F|  |TAMS 0x000000070a200000, 0x000000070a200000| Untracked 
| 117|0x000000070a300000, 0x000000070a300000, 0x000000070a400000|  0%| F|  |TAMS 0x000000070a300000, 0x000000070a300000| Untracked 
| 118|0x000000070a400000, 0x000000070a400000, 0x000000070a500000|  0%| F|  |TAMS 0x000000070a400000, 0x000000070a400000| Untracked 
| 119|0x000000070a500000, 0x000000070a500000, 0x000000070a600000|  0%| F|  |TAMS 0x000000070a500000, 0x000000070a500000| Untracked 
| 120|0x000000070a600000, 0x000000070a600000, 0x000000070a700000|  0%| F|  |TAMS 0x000000070a600000, 0x000000070a600000| Untracked 
| 121|0x000000070a700000, 0x000000070a700000, 0x000000070a800000|  0%| F|  |TAMS 0x000000070a700000, 0x000000070a700000| Untracked 
| 122|0x000000070a800000, 0x000000070a800000, 0x000000070a900000|  0%| F|  |TAMS 0x000000070a800000, 0x000000070a800000| Untracked 
| 123|0x000000070a900000, 0x000000070a900000, 0x000000070aa00000|  0%| F|  |TAMS 0x000000070a900000, 0x000000070a900000| Untracked 
| 124|0x000000070aa00000, 0x000000070aa00000, 0x000000070ab00000|  0%| F|  |TAMS 0x000000070aa00000, 0x000000070aa00000| Untracked 
| 125|0x000000070ab00000, 0x000000070ab00000, 0x000000070ac00000|  0%| F|  |TAMS 0x000000070ab00000, 0x000000070ab00000| Untracked 
| 126|0x000000070ac00000, 0x000000070ac00000, 0x000000070ad00000|  0%| F|  |TAMS 0x000000070ac00000, 0x000000070ac00000| Untracked 
| 127|0x000000070ad00000, 0x000000070ad00000, 0x000000070ae00000|  0%| F|  |TAMS 0x000000070ad00000, 0x000000070ad00000| Untracked 
| 128|0x000000070ae00000, 0x000000070ae00000, 0x000000070af00000|  0%| F|  |TAMS 0x000000070ae00000, 0x000000070ae00000| Untracked 
| 129|0x000000070af00000, 0x000000070af00000, 0x000000070b000000|  0%| F|  |TAMS 0x000000070af00000, 0x000000070af00000| Untracked 
| 130|0x000000070b000000, 0x000000070b000000, 0x000000070b100000|  0%| F|  |TAMS 0x000000070b000000, 0x000000070b000000| Untracked 
| 131|0x000000070b100000, 0x000000070b100000, 0x000000070b200000|  0%| F|  |TAMS 0x000000070b100000, 0x000000070b100000| Untracked 
| 132|0x000000070b200000, 0x000000070b200000, 0x000000070b300000|  0%| F|  |TAMS 0x000000070b200000, 0x000000070b200000| Untracked 
| 133|0x000000070b300000, 0x000000070b300000, 0x000000070b400000|  0%| F|  |TAMS 0x000000070b300000, 0x000000070b300000| Untracked 
| 134|0x000000070b400000, 0x000000070b400000, 0x000000070b500000|  0%| F|  |TAMS 0x000000070b400000, 0x000000070b400000| Untracked 
| 135|0x000000070b500000, 0x000000070b500000, 0x000000070b600000|  0%| F|  |TAMS 0x000000070b500000, 0x000000070b500000| Untracked 
| 136|0x000000070b600000, 0x000000070b600000, 0x000000070b700000|  0%| F|  |TAMS 0x000000070b600000, 0x000000070b600000| Untracked 
| 137|0x000000070b700000, 0x000000070b700000, 0x000000070b800000|  0%| F|  |TAMS 0x000000070b700000, 0x000000070b700000| Untracked 
| 138|0x000000070b800000, 0x000000070b800000, 0x000000070b900000|  0%| F|  |TAMS 0x000000070b800000, 0x000000070b800000| Untracked 
| 139|0x000000070b900000, 0x000000070b900000, 0x000000070ba00000|  0%| F|  |TAMS 0x000000070b900000, 0x000000070b900000| Untracked 
| 140|0x000000070ba00000, 0x000000070ba00000, 0x000000070bb00000|  0%| F|  |TAMS 0x000000070ba00000, 0x000000070ba00000| Untracked 
| 141|0x000000070bb00000, 0x000000070bb00000, 0x000000070bc00000|  0%| F|  |TAMS 0x000000070bb00000, 0x000000070bb00000| Untracked 
| 142|0x000000070bc00000, 0x000000070bc00000, 0x000000070bd00000|  0%| F|  |TAMS 0x000000070bc00000, 0x000000070bc00000| Untracked 
| 143|0x000000070bd00000, 0x000000070bd00000, 0x000000070be00000|  0%| F|  |TAMS 0x000000070bd00000, 0x000000070bd00000| Untracked 
| 144|0x000000070be00000, 0x000000070be00000, 0x000000070bf00000|  0%| F|  |TAMS 0x000000070be00000, 0x000000070be00000| Untracked 
| 145|0x000000070bf00000, 0x000000070bf00000, 0x000000070c000000|  0%| F|  |TAMS 0x000000070bf00000, 0x000000070bf00000| Untracked 
| 146|0x000000070c000000, 0x000000070c000000, 0x000000070c100000|  0%| F|  |TAMS 0x000000070c000000, 0x000000070c000000| Untracked 
| 147|0x000000070c100000, 0x000000070c100000, 0x000000070c200000|  0%| F|  |TAMS 0x000000070c100000, 0x000000070c100000| Untracked 
| 148|0x000000070c200000, 0x000000070c200000, 0x000000070c300000|  0%| F|  |TAMS 0x000000070c200000, 0x000000070c200000| Untracked 
| 149|0x000000070c300000, 0x000000070c300000, 0x000000070c400000|  0%| F|  |TAMS 0x000000070c300000, 0x000000070c300000| Untracked 
| 150|0x000000070c400000, 0x000000070c400000, 0x000000070c500000|  0%| F|  |TAMS 0x000000070c400000, 0x000000070c400000| Untracked 
| 151|0x000000070c500000, 0x000000070c500000, 0x000000070c600000|  0%| F|  |TAMS 0x000000070c500000, 0x000000070c500000| Untracked 
| 152|0x000000070c600000, 0x000000070c600000, 0x000000070c700000|  0%| F|  |TAMS 0x000000070c600000, 0x000000070c600000| Untracked 
| 153|0x000000070c700000, 0x000000070c700000, 0x000000070c800000|  0%| F|  |TAMS 0x000000070c700000, 0x000000070c700000| Untracked 
| 154|0x000000070c800000, 0x000000070c800000, 0x000000070c900000|  0%| F|  |TAMS 0x000000070c800000, 0x000000070c800000| Untracked 
| 155|0x000000070c900000, 0x000000070c900000, 0x000000070ca00000|  0%| F|  |TAMS 0x000000070c900000, 0x000000070c900000| Untracked 
| 156|0x000000070ca00000, 0x000000070ca00000, 0x000000070cb00000|  0%| F|  |TAMS 0x000000070ca00000, 0x000000070ca00000| Untracked 
| 157|0x000000070cb00000, 0x000000070cb00000, 0x000000070cc00000|  0%| F|  |TAMS 0x000000070cb00000, 0x000000070cb00000| Untracked 
| 158|0x000000070cc00000, 0x000000070cc00000, 0x000000070cd00000|  0%| F|  |TAMS 0x000000070cc00000, 0x000000070cc00000| Untracked 
| 159|0x000000070cd00000, 0x000000070cd00000, 0x000000070ce00000|  0%| F|  |TAMS 0x000000070cd00000, 0x000000070cd00000| Untracked 
| 160|0x000000070ce00000, 0x000000070ce00000, 0x000000070cf00000|  0%| F|  |TAMS 0x000000070ce00000, 0x000000070ce00000| Untracked 
| 161|0x000000070cf00000, 0x000000070cf00000, 0x000000070d000000|  0%| F|  |TAMS 0x000000070cf00000, 0x000000070cf00000| Untracked 
| 162|0x000000070d000000, 0x000000070d000000, 0x000000070d100000|  0%| F|  |TAMS 0x000000070d000000, 0x000000070d000000| Untracked 
| 163|0x000000070d100000, 0x000000070d100000, 0x000000070d200000|  0%| F|  |TAMS 0x000000070d100000, 0x000000070d100000| Untracked 
| 164|0x000000070d200000, 0x000000070d200000, 0x000000070d300000|  0%| F|  |TAMS 0x000000070d200000, 0x000000070d200000| Untracked 
| 165|0x000000070d300000, 0x000000070d300000, 0x000000070d400000|  0%| F|  |TAMS 0x000000070d300000, 0x000000070d300000| Untracked 
| 166|0x000000070d400000, 0x000000070d400000, 0x000000070d500000|  0%| F|  |TAMS 0x000000070d400000, 0x000000070d400000| Untracked 
| 167|0x000000070d500000, 0x000000070d500000, 0x000000070d600000|  0%| F|  |TAMS 0x000000070d500000, 0x000000070d500000| Untracked 
| 168|0x000000070d600000, 0x000000070d600000, 0x000000070d700000|  0%| F|  |TAMS 0x000000070d600000, 0x000000070d600000| Untracked 
| 169|0x000000070d700000, 0x000000070d700000, 0x000000070d800000|  0%| F|  |TAMS 0x000000070d700000, 0x000000070d700000| Untracked 
| 170|0x000000070d800000, 0x000000070d800000, 0x000000070d900000|  0%| F|  |TAMS 0x000000070d800000, 0x000000070d800000| Untracked 
| 171|0x000000070d900000, 0x000000070d900000, 0x000000070da00000|  0%| F|  |TAMS 0x000000070d900000, 0x000000070d900000| Untracked 
| 172|0x000000070da00000, 0x000000070da00000, 0x000000070db00000|  0%| F|  |TAMS 0x000000070da00000, 0x000000070da00000| Untracked 
| 173|0x000000070db00000, 0x000000070db00000, 0x000000070dc00000|  0%| F|  |TAMS 0x000000070db00000, 0x000000070db00000| Untracked 
| 174|0x000000070dc00000, 0x000000070dc00000, 0x000000070dd00000|  0%| F|  |TAMS 0x000000070dc00000, 0x000000070dc00000| Untracked 
| 175|0x000000070dd00000, 0x000000070dd00000, 0x000000070de00000|  0%| F|  |TAMS 0x000000070dd00000, 0x000000070dd00000| Untracked 
| 176|0x000000070de00000, 0x000000070de00000, 0x000000070df00000|  0%| F|  |TAMS 0x000000070de00000, 0x000000070de00000| Untracked 
| 177|0x000000070df00000, 0x000000070df00000, 0x000000070e000000|  0%| F|  |TAMS 0x000000070df00000, 0x000000070df00000| Untracked 
| 178|0x000000070e000000, 0x000000070e000000, 0x000000070e100000|  0%| F|  |TAMS 0x000000070e000000, 0x000000070e000000| Untracked 
| 179|0x000000070e100000, 0x000000070e100000, 0x000000070e200000|  0%| F|  |TAMS 0x000000070e100000, 0x000000070e100000| Untracked 
| 180|0x000000070e200000, 0x000000070e200000, 0x000000070e300000|  0%| F|  |TAMS 0x000000070e200000, 0x000000070e200000| Untracked 
| 181|0x000000070e300000, 0x000000070e300000, 0x000000070e400000|  0%| F|  |TAMS 0x000000070e300000, 0x000000070e300000| Untracked 
| 182|0x000000070e400000, 0x000000070e400000, 0x000000070e500000|  0%| F|  |TAMS 0x000000070e400000, 0x000000070e400000| Untracked 
| 183|0x000000070e500000, 0x000000070e500000, 0x000000070e600000|  0%| F|  |TAMS 0x000000070e500000, 0x000000070e500000| Untracked 
| 184|0x000000070e600000, 0x000000070e600000, 0x000000070e700000|  0%| F|  |TAMS 0x000000070e600000, 0x000000070e600000| Untracked 
| 185|0x000000070e700000, 0x000000070e700000, 0x000000070e800000|  0%| F|  |TAMS 0x000000070e700000, 0x000000070e700000| Untracked 
| 186|0x000000070e800000, 0x000000070e800000, 0x000000070e900000|  0%| F|  |TAMS 0x000000070e800000, 0x000000070e800000| Untracked 
| 187|0x000000070e900000, 0x000000070e900000, 0x000000070ea00000|  0%| F|  |TAMS 0x000000070e900000, 0x000000070e900000| Untracked 
| 188|0x000000070ea00000, 0x000000070ea00000, 0x000000070eb00000|  0%| F|  |TAMS 0x000000070ea00000, 0x000000070ea00000| Untracked 
| 189|0x000000070eb00000, 0x000000070eb00000, 0x000000070ec00000|  0%| F|  |TAMS 0x000000070eb00000, 0x000000070eb00000| Untracked 
| 190|0x000000070ec00000, 0x000000070ec00000, 0x000000070ed00000|  0%| F|  |TAMS 0x000000070ec00000, 0x000000070ec00000| Untracked 
| 191|0x000000070ed00000, 0x000000070ed00000, 0x000000070ee00000|  0%| F|  |TAMS 0x000000070ed00000, 0x000000070ed00000| Untracked 
| 192|0x000000070ee00000, 0x000000070ee00000, 0x000000070ef00000|  0%| F|  |TAMS 0x000000070ee00000, 0x000000070ee00000| Untracked 
| 193|0x000000070ef00000, 0x000000070ef00000, 0x000000070f000000|  0%| F|  |TAMS 0x000000070ef00000, 0x000000070ef00000| Untracked 
| 194|0x000000070f000000, 0x000000070f000000, 0x000000070f100000|  0%| F|  |TAMS 0x000000070f000000, 0x000000070f000000| Untracked 
| 195|0x000000070f100000, 0x000000070f100000, 0x000000070f200000|  0%| F|  |TAMS 0x000000070f100000, 0x000000070f100000| Untracked 
| 196|0x000000070f200000, 0x000000070f200000, 0x000000070f300000|  0%| F|  |TAMS 0x000000070f200000, 0x000000070f200000| Untracked 
| 197|0x000000070f300000, 0x000000070f300000, 0x000000070f400000|  0%| F|  |TAMS 0x000000070f300000, 0x000000070f300000| Untracked 
| 198|0x000000070f400000, 0x000000070f400000, 0x000000070f500000|  0%| F|  |TAMS 0x000000070f400000, 0x000000070f400000| Untracked 
| 199|0x000000070f500000, 0x000000070f500000, 0x000000070f600000|  0%| F|  |TAMS 0x000000070f500000, 0x000000070f500000| Untracked 
| 200|0x000000070f600000, 0x000000070f600000, 0x000000070f700000|  0%| F|  |TAMS 0x000000070f600000, 0x000000070f600000| Untracked 
| 201|0x000000070f700000, 0x000000070f700000, 0x000000070f800000|  0%| F|  |TAMS 0x000000070f700000, 0x000000070f700000| Untracked 
| 202|0x000000070f800000, 0x000000070f800000, 0x000000070f900000|  0%| F|  |TAMS 0x000000070f800000, 0x000000070f800000| Untracked 
| 203|0x000000070f900000, 0x000000070f900000, 0x000000070fa00000|  0%| F|  |TAMS 0x000000070f900000, 0x000000070f900000| Untracked 
| 204|0x000000070fa00000, 0x000000070fa00000, 0x000000070fb00000|  0%| F|  |TAMS 0x000000070fa00000, 0x000000070fa00000| Untracked 
| 205|0x000000070fb00000, 0x000000070fb00000, 0x000000070fc00000|  0%| F|  |TAMS 0x000000070fb00000, 0x000000070fb00000| Untracked 
| 206|0x000000070fc00000, 0x000000070fc00000, 0x000000070fd00000|  0%| F|  |TAMS 0x000000070fc00000, 0x000000070fc00000| Untracked 
| 207|0x000000070fd00000, 0x000000070fd00000, 0x000000070fe00000|  0%| F|  |TAMS 0x000000070fd00000, 0x000000070fd00000| Untracked 
| 208|0x000000070fe00000, 0x000000070fe00000, 0x000000070ff00000|  0%| F|  |TAMS 0x000000070fe00000, 0x000000070fe00000| Untracked 
| 209|0x000000070ff00000, 0x000000070ff00000, 0x0000000710000000|  0%| F|  |TAMS 0x000000070ff00000, 0x000000070ff00000| Untracked 
| 210|0x0000000710000000, 0x0000000710000000, 0x0000000710100000|  0%| F|  |TAMS 0x0000000710000000, 0x0000000710000000| Untracked 
| 211|0x0000000710100000, 0x0000000710100000, 0x0000000710200000|  0%| F|  |TAMS 0x0000000710100000, 0x0000000710100000| Untracked 
| 212|0x0000000710200000, 0x0000000710200000, 0x0000000710300000|  0%| F|  |TAMS 0x0000000710200000, 0x0000000710200000| Untracked 
| 213|0x0000000710300000, 0x0000000710300000, 0x0000000710400000|  0%| F|  |TAMS 0x0000000710300000, 0x0000000710300000| Untracked 
| 214|0x0000000710400000, 0x0000000710400000, 0x0000000710500000|  0%| F|  |TAMS 0x0000000710400000, 0x0000000710400000| Untracked 
| 215|0x0000000710500000, 0x0000000710500000, 0x0000000710600000|  0%| F|  |TAMS 0x0000000710500000, 0x0000000710500000| Untracked 
| 216|0x0000000710600000, 0x0000000710600000, 0x0000000710700000|  0%| F|  |TAMS 0x0000000710600000, 0x0000000710600000| Untracked 
| 217|0x0000000710700000, 0x0000000710700000, 0x0000000710800000|  0%| F|  |TAMS 0x0000000710700000, 0x0000000710700000| Untracked 
| 218|0x0000000710800000, 0x0000000710800000, 0x0000000710900000|  0%| F|  |TAMS 0x0000000710800000, 0x0000000710800000| Untracked 
| 219|0x0000000710900000, 0x0000000710900000, 0x0000000710a00000|  0%| F|  |TAMS 0x0000000710900000, 0x0000000710900000| Untracked 
| 220|0x0000000710a00000, 0x0000000710a00000, 0x0000000710b00000|  0%| F|  |TAMS 0x0000000710a00000, 0x0000000710a00000| Untracked 
| 221|0x0000000710b00000, 0x0000000710b00000, 0x0000000710c00000|  0%| F|  |TAMS 0x0000000710b00000, 0x0000000710b00000| Untracked 
| 222|0x0000000710c00000, 0x0000000710c00000, 0x0000000710d00000|  0%| F|  |TAMS 0x0000000710c00000, 0x0000000710c00000| Untracked 
| 223|0x0000000710d00000, 0x0000000710d00000, 0x0000000710e00000|  0%| F|  |TAMS 0x0000000710d00000, 0x0000000710d00000| Untracked 
| 224|0x0000000710e00000, 0x0000000710e00000, 0x0000000710f00000|  0%| F|  |TAMS 0x0000000710e00000, 0x0000000710e00000| Untracked 
| 225|0x0000000710f00000, 0x0000000710f00000, 0x0000000711000000|  0%| F|  |TAMS 0x0000000710f00000, 0x0000000710f00000| Untracked 
| 226|0x0000000711000000, 0x0000000711000000, 0x0000000711100000|  0%| F|  |TAMS 0x0000000711000000, 0x0000000711000000| Untracked 
| 227|0x0000000711100000, 0x0000000711100000, 0x0000000711200000|  0%| F|  |TAMS 0x0000000711100000, 0x0000000711100000| Untracked 
| 228|0x0000000711200000, 0x0000000711200000, 0x0000000711300000|  0%| F|  |TAMS 0x0000000711200000, 0x0000000711200000| Untracked 
| 229|0x0000000711300000, 0x0000000711300000, 0x0000000711400000|  0%| F|  |TAMS 0x0000000711300000, 0x0000000711300000| Untracked 
| 230|0x0000000711400000, 0x0000000711400000, 0x0000000711500000|  0%| F|  |TAMS 0x0000000711400000, 0x0000000711400000| Untracked 
| 231|0x0000000711500000, 0x0000000711500000, 0x0000000711600000|  0%| F|  |TAMS 0x0000000711500000, 0x0000000711500000| Untracked 
| 232|0x0000000711600000, 0x0000000711600000, 0x0000000711700000|  0%| F|  |TAMS 0x0000000711600000, 0x0000000711600000| Untracked 
| 233|0x0000000711700000, 0x0000000711700000, 0x0000000711800000|  0%| F|  |TAMS 0x0000000711700000, 0x0000000711700000| Untracked 
| 234|0x0000000711800000, 0x0000000711800000, 0x0000000711900000|  0%| F|  |TAMS 0x0000000711800000, 0x0000000711800000| Untracked 
| 235|0x0000000711900000, 0x0000000711900000, 0x0000000711a00000|  0%| F|  |TAMS 0x0000000711900000, 0x0000000711900000| Untracked 
| 236|0x0000000711a00000, 0x0000000711a00000, 0x0000000711b00000|  0%| F|  |TAMS 0x0000000711a00000, 0x0000000711a00000| Untracked 
| 237|0x0000000711b00000, 0x0000000711b00000, 0x0000000711c00000|  0%| F|  |TAMS 0x0000000711b00000, 0x0000000711b00000| Untracked 
| 238|0x0000000711c00000, 0x0000000711c00000, 0x0000000711d00000|  0%| F|  |TAMS 0x0000000711c00000, 0x0000000711c00000| Untracked 
| 239|0x0000000711d00000, 0x0000000711d00000, 0x0000000711e00000|  0%| F|  |TAMS 0x0000000711d00000, 0x0000000711d00000| Untracked 
| 240|0x0000000711e00000, 0x0000000711e00000, 0x0000000711f00000|  0%| F|  |TAMS 0x0000000711e00000, 0x0000000711e00000| Untracked 
| 241|0x0000000711f00000, 0x0000000711f00000, 0x0000000712000000|  0%| F|  |TAMS 0x0000000711f00000, 0x0000000711f00000| Untracked 
| 242|0x0000000712000000, 0x0000000712000000, 0x0000000712100000|  0%| F|  |TAMS 0x0000000712000000, 0x0000000712000000| Untracked 
| 243|0x0000000712100000, 0x0000000712100000, 0x0000000712200000|  0%| F|  |TAMS 0x0000000712100000, 0x0000000712100000| Untracked 
| 244|0x0000000712200000, 0x0000000712200000, 0x0000000712300000|  0%| F|  |TAMS 0x0000000712200000, 0x0000000712200000| Untracked 
| 245|0x0000000712300000, 0x0000000712300000, 0x0000000712400000|  0%| F|  |TAMS 0x0000000712300000, 0x0000000712300000| Untracked 
| 246|0x0000000712400000, 0x00000007124e1490, 0x0000000712500000| 88%| S|CS|TAMS 0x0000000712400000, 0x0000000712400000| Complete 
| 247|0x0000000712500000, 0x0000000712600000, 0x0000000712600000|100%| S|CS|TAMS 0x0000000712500000, 0x0000000712500000| Complete 
| 248|0x0000000712600000, 0x0000000712600000, 0x0000000712700000|  0%| F|  |TAMS 0x0000000712600000, 0x0000000712600000| Untracked 
| 249|0x0000000712700000, 0x0000000712700000, 0x0000000712800000|  0%| F|  |TAMS 0x0000000712700000, 0x0000000712700000| Untracked 
| 250|0x0000000712800000, 0x0000000712800000, 0x0000000712900000|  0%| F|  |TAMS 0x0000000712800000, 0x0000000712800000| Untracked 
| 251|0x0000000712900000, 0x0000000712900000, 0x0000000712a00000|  0%| F|  |TAMS 0x0000000712900000, 0x0000000712900000| Untracked 
| 252|0x0000000712a00000, 0x0000000712a00000, 0x0000000712b00000|  0%| F|  |TAMS 0x0000000712a00000, 0x0000000712a00000| Untracked 
| 253|0x0000000712b00000, 0x0000000712b00000, 0x0000000712c00000|  0%| F|  |TAMS 0x0000000712b00000, 0x0000000712b00000| Untracked 
| 254|0x0000000712c00000, 0x0000000712c00000, 0x0000000712d00000|  0%| F|  |TAMS 0x0000000712c00000, 0x0000000712c00000| Untracked 
| 255|0x0000000712d00000, 0x0000000712d00000, 0x0000000712e00000|  0%| F|  |TAMS 0x0000000712d00000, 0x0000000712d00000| Untracked 
| 256|0x0000000712e00000, 0x0000000712e00000, 0x0000000712f00000|  0%| F|  |TAMS 0x0000000712e00000, 0x0000000712e00000| Untracked 
| 257|0x0000000712f00000, 0x0000000712f00000, 0x0000000713000000|  0%| F|  |TAMS 0x0000000712f00000, 0x0000000712f00000| Untracked 
| 258|0x0000000713000000, 0x0000000713000000, 0x0000000713100000|  0%| F|  |TAMS 0x0000000713000000, 0x0000000713000000| Untracked 
| 259|0x0000000713100000, 0x0000000713100000, 0x0000000713200000|  0%| F|  |TAMS 0x0000000713100000, 0x0000000713100000| Untracked 
| 260|0x0000000713200000, 0x0000000713200000, 0x0000000713300000|  0%| F|  |TAMS 0x0000000713200000, 0x0000000713200000| Untracked 
| 261|0x0000000713300000, 0x0000000713300000, 0x0000000713400000|  0%| F|  |TAMS 0x0000000713300000, 0x0000000713300000| Untracked 
| 262|0x0000000713400000, 0x0000000713481c10, 0x0000000713500000| 50%| E|  |TAMS 0x0000000713400000, 0x0000000713400000| Complete 
| 263|0x0000000713500000, 0x0000000713600000, 0x0000000713600000|100%| E|CS|TAMS 0x0000000713500000, 0x0000000713500000| Complete 
| 264|0x0000000713600000, 0x0000000713700000, 0x0000000713700000|100%| E|CS|TAMS 0x0000000713600000, 0x0000000713600000| Complete 
| 265|0x0000000713700000, 0x0000000713800000, 0x0000000713800000|100%| E|CS|TAMS 0x0000000713700000, 0x0000000713700000| Complete 
| 266|0x0000000713800000, 0x0000000713900000, 0x0000000713900000|100%| E|CS|TAMS 0x0000000713800000, 0x0000000713800000| Complete 
| 267|0x0000000713900000, 0x0000000713a00000, 0x0000000713a00000|100%| E|CS|TAMS 0x0000000713900000, 0x0000000713900000| Complete 
| 268|0x0000000713a00000, 0x0000000713b00000, 0x0000000713b00000|100%| E|CS|TAMS 0x0000000713a00000, 0x0000000713a00000| Complete 
| 269|0x0000000713b00000, 0x0000000713c00000, 0x0000000713c00000|100%| E|CS|TAMS 0x0000000713b00000, 0x0000000713b00000| Complete 
| 270|0x0000000713c00000, 0x0000000713d00000, 0x0000000713d00000|100%| E|CS|TAMS 0x0000000713c00000, 0x0000000713c00000| Complete 
| 271|0x0000000713d00000, 0x0000000713e00000, 0x0000000713e00000|100%| E|CS|TAMS 0x0000000713d00000, 0x0000000713d00000| Complete 
| 272|0x0000000713e00000, 0x0000000713f00000, 0x0000000713f00000|100%| E|CS|TAMS 0x0000000713e00000, 0x0000000713e00000| Complete 
| 273|0x0000000713f00000, 0x0000000714000000, 0x0000000714000000|100%| E|CS|TAMS 0x0000000713f00000, 0x0000000713f00000| Complete 
| 274|0x0000000714000000, 0x0000000714100000, 0x0000000714100000|100%| E|CS|TAMS 0x0000000714000000, 0x0000000714000000| Complete 
| 275|0x0000000714100000, 0x0000000714200000, 0x0000000714200000|100%| E|CS|TAMS 0x0000000714100000, 0x0000000714100000| Complete 
| 276|0x0000000714200000, 0x0000000714300000, 0x0000000714300000|100%| E|CS|TAMS 0x0000000714200000, 0x0000000714200000| Complete 
| 277|0x0000000714300000, 0x0000000714400000, 0x0000000714400000|100%| E|CS|TAMS 0x0000000714300000, 0x0000000714300000| Complete 
| 278|0x0000000714400000, 0x0000000714500000, 0x0000000714500000|100%| E|CS|TAMS 0x0000000714400000, 0x0000000714400000| Complete 
| 279|0x0000000714500000, 0x0000000714600000, 0x0000000714600000|100%| E|CS|TAMS 0x0000000714500000, 0x0000000714500000| Complete 
| 280|0x0000000714600000, 0x0000000714700000, 0x0000000714700000|100%| E|CS|TAMS 0x0000000714600000, 0x0000000714600000| Complete 
| 281|0x0000000714700000, 0x0000000714800000, 0x0000000714800000|100%| E|CS|TAMS 0x0000000714700000, 0x0000000714700000| Complete 
| 282|0x0000000714800000, 0x0000000714900000, 0x0000000714900000|100%| E|CS|TAMS 0x0000000714800000, 0x0000000714800000| Complete 
| 283|0x0000000714900000, 0x0000000714a00000, 0x0000000714a00000|100%| E|CS|TAMS 0x0000000714900000, 0x0000000714900000| Complete 
| 284|0x0000000714a00000, 0x0000000714b00000, 0x0000000714b00000|100%| E|CS|TAMS 0x0000000714a00000, 0x0000000714a00000| Complete 
| 285|0x0000000714b00000, 0x0000000714c00000, 0x0000000714c00000|100%| E|CS|TAMS 0x0000000714b00000, 0x0000000714b00000| Complete 
| 286|0x0000000714c00000, 0x0000000714d00000, 0x0000000714d00000|100%| E|CS|TAMS 0x0000000714c00000, 0x0000000714c00000| Complete 
| 287|0x0000000714d00000, 0x0000000714e00000, 0x0000000714e00000|100%| E|CS|TAMS 0x0000000714d00000, 0x0000000714d00000| Complete 
| 288|0x0000000714e00000, 0x0000000714f00000, 0x0000000714f00000|100%| E|CS|TAMS 0x0000000714e00000, 0x0000000714e00000| Complete 
| 289|0x0000000714f00000, 0x0000000715000000, 0x0000000715000000|100%| E|CS|TAMS 0x0000000714f00000, 0x0000000714f00000| Complete 
| 290|0x0000000715000000, 0x0000000715100000, 0x0000000715100000|100%| E|CS|TAMS 0x0000000715000000, 0x0000000715000000| Complete 
| 291|0x0000000715100000, 0x0000000715200000, 0x0000000715200000|100%| E|CS|TAMS 0x0000000715100000, 0x0000000715100000| Complete 
| 292|0x0000000715200000, 0x0000000715300000, 0x0000000715300000|100%| E|CS|TAMS 0x0000000715200000, 0x0000000715200000| Complete 
| 293|0x0000000715300000, 0x0000000715400000, 0x0000000715400000|100%| E|CS|TAMS 0x0000000715300000, 0x0000000715300000| Complete 
| 294|0x0000000715400000, 0x0000000715500000, 0x0000000715500000|100%| E|CS|TAMS 0x0000000715400000, 0x0000000715400000| Complete 
| 295|0x0000000715500000, 0x0000000715600000, 0x0000000715600000|100%| E|CS|TAMS 0x0000000715500000, 0x0000000715500000| Complete 
| 296|0x0000000715600000, 0x0000000715700000, 0x0000000715700000|100%| E|CS|TAMS 0x0000000715600000, 0x0000000715600000| Complete 
| 297|0x0000000715700000, 0x0000000715800000, 0x0000000715800000|100%| E|CS|TAMS 0x0000000715700000, 0x0000000715700000| Complete 
| 298|0x0000000715800000, 0x0000000715900000, 0x0000000715900000|100%| E|CS|TAMS 0x0000000715800000, 0x0000000715800000| Complete 
| 299|0x0000000715900000, 0x0000000715a00000, 0x0000000715a00000|100%| E|CS|TAMS 0x0000000715900000, 0x0000000715900000| Complete 
| 300|0x0000000715a00000, 0x0000000715b00000, 0x0000000715b00000|100%| E|CS|TAMS 0x0000000715a00000, 0x0000000715a00000| Complete 
| 301|0x0000000715b00000, 0x0000000715c00000, 0x0000000715c00000|100%| E|CS|TAMS 0x0000000715b00000, 0x0000000715b00000| Complete 
| 302|0x0000000715c00000, 0x0000000715d00000, 0x0000000715d00000|100%| E|CS|TAMS 0x0000000715c00000, 0x0000000715c00000| Complete 
| 303|0x0000000715d00000, 0x0000000715e00000, 0x0000000715e00000|100%| E|CS|TAMS 0x0000000715d00000, 0x0000000715d00000| Complete 
| 304|0x0000000715e00000, 0x0000000715f00000, 0x0000000715f00000|100%| E|CS|TAMS 0x0000000715e00000, 0x0000000715e00000| Complete 

Card table byte_map: [0x000001ea73d00000,0x000001ea744f0000] _byte_map_base: 0x000001ea704e9000

Marking Bits (Prev, Next): (CMBitMap*) 0x000001ea60762fb8, (CMBitMap*) 0x000001ea60762ff0
 Prev Bits: [0x000001ea74ce0000, 0x000001ea78c28000)
 Next Bits: [0x000001ea78c30000, 0x000001ea7cb78000)

Polling page: 0x000001ea5e4d0000

Metaspace:

Usage:
  Non-class:     38.71 MB capacity,    38.39 MB (>99%) used,   258.13 KB ( <1%) free+waste,    68.56 KB ( <1%) overhead. 
      Class:      5.37 MB capacity,     5.16 MB ( 96%) used,   186.93 KB (  3%) free+waste,    30.56 KB ( <1%) overhead. 
       Both:     44.08 MB capacity,    43.55 MB ( 99%) used,   445.05 KB ( <1%) free+waste,    99.13 KB ( <1%) overhead. 

Virtual space:
  Non-class space:       40.00 MB reserved,      38.90 MB ( 97%) committed 
      Class space:        1.00 GB reserved,       5.38 MB ( <1%) committed 
             Both:        1.04 GB reserved,      44.28 MB (  4%) committed 

Chunk freelists:
   Non-Class:  7.00 KB
       Class:  1.00 KB
        Both:  8.00 KB

MaxMetaspaceSize: 17179869184.00 GB
CompressedClassSpaceSize: 1.00 GB

CodeHeap 'non-profiled nmethods': size=120000Kb used=1338Kb max_used=1338Kb free=118661Kb
 bounds [0x000001ea6bcb0000, 0x000001ea6bf20000, 0x000001ea731e0000]
CodeHeap 'profiled nmethods': size=120000Kb used=6672Kb max_used=6672Kb free=113327Kb
 bounds [0x000001ea64780000, 0x000001ea64e10000, 0x000001ea6bcb0000]
CodeHeap 'non-nmethods': size=5760Kb used=1197Kb max_used=1246Kb free=4562Kb
 bounds [0x000001ea641e0000, 0x000001ea64450000, 0x000001ea64780000]
 total_blobs=3902 nmethods=3360 adapters=452
 compilation: enabled
              stopped_count=0, restarted_count=0
 full_count=0

Compilation events (20 events):
Event: 2.139 Thread 0x000001ea00284000 nmethod 3306 0x000001ea6bdf9b10 code [0x000001ea6bdf9cc0, 0x000001ea6bdf9ea8]
Event: 2.139 Thread 0x000001ea00284000 3266       4       org.jetbrains.kotlin.com.intellij.lang.impl.PsiBuilderImpl::remapCurrentToken (75 bytes)
Event: 2.140 Thread 0x000001ea00284000 nmethod 3266 0x000001ea6bdf9f90 code [0x000001ea6bdfa120, 0x000001ea6bdfa1d8]
Event: 2.140 Thread 0x000001ea00284000 3094       4       org.jetbrains.kotlin.parsing.SemanticWhitespaceAwarePsiBuilderImpl::getJoinedTokenType (64 bytes)
Event: 2.142 Thread 0x000001ea00284000 nmethod 3094 0x000001ea6bdfa290 code [0x000001ea6bdfa460, 0x000001ea6bdfa6b8]
Event: 2.142 Thread 0x000001ea00284000 3095       4       org.jetbrains.kotlin.com.intellij.lang.impl.PsiBuilderImpl::clearCachedTokenType (6 bytes)
Event: 2.143 Thread 0x000001ea00284000 nmethod 3095 0x000001ea6bdfa990 code [0x000001ea6bdfab20, 0x000001ea6bdfabd8]
Event: 2.143 Thread 0x000001ea00284000 3188       4       org.jetbrains.kotlin.com.intellij.psi.impl.source.tree.LeafPsiElement::getPsi (2 bytes)
Event: 2.143 Thread 0x000001ea00284000 nmethod 3188 0x000001ea6bdfac90 code [0x000001ea6bdfae20, 0x000001ea6bdfae78]
Event: 2.143 Thread 0x000001ea00284000 3254       4       org.jetbrains.kotlin.com.intellij.lang.impl.PsiBuilderImpl$StartMarker::access$2502 (7 bytes)
Event: 2.144 Thread 0x000001ea00284000 nmethod 3254 0x000001ea6bdfaf10 code [0x000001ea6bdfb0a0, 0x000001ea6bdfb1d8]
Event: 2.144 Thread 0x000001ea00284000 3255       4       org.jetbrains.kotlin.com.intellij.lang.impl.PsiBuilderImpl$StartMarker::access$2402 (7 bytes)
Event: 2.144 Thread 0x000001ea000b8000 3333       3       org.jetbrains.kotlin.com.intellij.diagnostic.LoadingState::checkOccurred (38 bytes)
Event: 2.144 Thread 0x000001ea000b8000 nmethod 3333 0x000001ea64df9090 code [0x000001ea64df9280, 0x000001ea64df9628]
Event: 2.145 Thread 0x000001ea00284000 nmethod 3255 0x000001ea6bdfb290 code [0x000001ea6bdfb420, 0x000001ea6bdfb558]
Event: 2.146 Thread 0x000001ea00284000 3334       4       java.lang.String::hashCode (49 bytes)
Event: 2.146 Thread 0x000001ea000b8000 3335       3       org.jetbrains.kotlin.com.intellij.psi.stubs.StubList$1::get (6 bytes)
Event: 2.147 Thread 0x000001ea000b8000 nmethod 3335 0x000001ea64df9790 code [0x000001ea64df9940, 0x000001ea64df9a88]
Event: 2.147 Thread 0x000001ea000b8000 3336       3       org.jetbrains.kotlin.com.intellij.psi.stubs.StubList$1::get (75 bytes)
Event: 2.147 Thread 0x000001ea000b8000 nmethod 3336 0x000001ea64df9b10 code [0x000001ea64df9e00, 0x000001ea64dfad58]

GC Heap History (10 events):
Event: 0.392 GC heap before
{Heap before GC invocations=0 (full 0):
 garbage-first heap   total 260096K, used 27648K [0x0000000702e00000, 0x0000000800000000)
  region size 1024K, 24 young (24576K), 0 survivors (0K)
 Metaspace       used 12323K, capacity 12437K, committed 12544K, reserved 1060864K
  class space    used 1163K, capacity 1206K, committed 1280K, reserved 1048576K
}
Event: 0.395 GC heap after
{Heap after GC invocations=1 (full 0):
 garbage-first heap   total 260096K, used 5997K [0x0000000702e00000, 0x0000000800000000)
  region size 1024K, 3 young (3072K), 3 survivors (3072K)
 Metaspace       used 12323K, capacity 12437K, committed 12544K, reserved 1060864K
  class space    used 1163K, capacity 1206K, committed 1280K, reserved 1048576K
}
Event: 0.796 GC heap before
{Heap before GC invocations=1 (full 0):
 garbage-first heap   total 260096K, used 40813K [0x0000000702e00000, 0x0000000800000000)
  region size 1024K, 38 young (38912K), 3 survivors (3072K)
 Metaspace       used 20862K, capacity 21087K, committed 21296K, reserved 1069056K
  class space    used 2218K, capacity 2312K, committed 2432K, reserved 1048576K
}
Event: 0.805 GC heap after
{Heap after GC invocations=2 (full 0):
 garbage-first heap   total 260096K, used 9210K [0x0000000702e00000, 0x0000000800000000)
  region size 1024K, 6 young (6144K), 6 survivors (6144K)
 Metaspace       used 20862K, capacity 21087K, committed 21296K, reserved 1069056K
  class space    used 2218K, capacity 2312K, committed 2432K, reserved 1048576K
}
Event: 1.365 GC heap before
{Heap before GC invocations=3 (full 0):
 garbage-first heap   total 260096K, used 64506K [0x0000000702e00000, 0x0000000800000000)
  region size 1024K, 55 young (56320K), 6 survivors (6144K)
 Metaspace       used 30729K, capacity 31182K, committed 31536K, reserved 1077248K
  class space    used 3760K, capacity 3923K, committed 3968K, reserved 1048576K
}
Event: 1.375 GC heap after
{Heap after GC invocations=4 (full 0):
 garbage-first heap   total 260096K, used 22008K [0x0000000702e00000, 0x0000000800000000)
  region size 1024K, 7 young (7168K), 7 survivors (7168K)
 Metaspace       used 30729K, capacity 31182K, committed 31536K, reserved 1077248K
  class space    used 3760K, capacity 3923K, committed 3968K, reserved 1048576K
}
Event: 1.550 GC heap before
{Heap before GC invocations=4 (full 0):
 garbage-first heap   total 260096K, used 38392K [0x0000000702e00000, 0x0000000800000000)
  region size 1024K, 23 young (23552K), 7 survivors (7168K)
 Metaspace       used 34348K, capacity 34814K, committed 35120K, reserved 1079296K
  class space    used 4258K, capacity 4409K, committed 4480K, reserved 1048576K
}
Event: 1.556 GC heap after
{Heap after GC invocations=5 (full 0):
 garbage-first heap   total 260096K, used 22219K [0x0000000702e00000, 0x0000000800000000)
  region size 1024K, 2 young (2048K), 2 survivors (2048K)
 Metaspace       used 34348K, capacity 34814K, committed 35120K, reserved 1079296K
  class space    used 4258K, capacity 4409K, committed 4480K, reserved 1048576K
}
Event: 1.610 GC heap before
{Heap before GC invocations=5 (full 0):
 garbage-first heap   total 260096K, used 27339K [0x0000000702e00000, 0x0000000800000000)
  region size 1024K, 8 young (8192K), 2 survivors (2048K)
 Metaspace       used 35105K, capacity 35524K, committed 35888K, reserved 1081344K
  class space    used 4324K, capacity 4473K, committed 4480K, reserved 1048576K
}
Event: 1.612 GC heap after
{Heap after GC invocations=6 (full 0):
 garbage-first heap   total 312320K, used 22096K [0x0000000702e00000, 0x0000000800000000)
  region size 1024K, 2 young (2048K), 2 survivors (2048K)
 Metaspace       used 35105K, capacity 35524K, committed 35888K, reserved 1081344K
  class space    used 4324K, capacity 4473K, committed 4480K, reserved 1048576K
}

Deoptimization events (20 events):
Event: 2.030 Thread 0x000001ea606ff000 Uncommon trap: trap_request=0xffffffc6 fr.pc=0x000001ea6bda60dc relative=0x000000000000009c
Event: 2.030 Thread 0x000001ea606ff000 Uncommon trap: reason=bimorphic_or_optimized_type_check action=maybe_recompile pc=0x000001ea6bda60dc method=java.util.AbstractList$Itr.hasNext()Z @ 8 c2
Event: 2.030 Thread 0x000001ea606ff000 DEOPT PACKING pc=0x000001ea6bda60dc sp=0x000000158d4fdbe0
Event: 2.030 Thread 0x000001ea606ff000 DEOPT UNPACKING pc=0x000001ea64207b2f sp=0x000000158d4fdb78 mode 2
Event: 2.030 Thread 0x000001ea606ff000 Uncommon trap: trap_request=0xffffffc6 fr.pc=0x000001ea6bda60dc relative=0x000000000000009c
Event: 2.030 Thread 0x000001ea606ff000 Uncommon trap: reason=bimorphic_or_optimized_type_check action=maybe_recompile pc=0x000001ea6bda60dc method=java.util.AbstractList$Itr.hasNext()Z @ 8 c2
Event: 2.030 Thread 0x000001ea606ff000 DEOPT PACKING pc=0x000001ea6bda60dc sp=0x000000158d4fdbe0
Event: 2.030 Thread 0x000001ea606ff000 DEOPT UNPACKING pc=0x000001ea64207b2f sp=0x000000158d4fdb78 mode 2
Event: 2.030 Thread 0x000001ea606ff000 Uncommon trap: trap_request=0xffffffc6 fr.pc=0x000001ea6bda60dc relative=0x000000000000009c
Event: 2.030 Thread 0x000001ea606ff000 Uncommon trap: reason=bimorphic_or_optimized_type_check action=maybe_recompile pc=0x000001ea6bda60dc method=java.util.AbstractList$Itr.hasNext()Z @ 8 c2
Event: 2.030 Thread 0x000001ea606ff000 DEOPT PACKING pc=0x000001ea6bda60dc sp=0x000000158d4fdbe0
Event: 2.030 Thread 0x000001ea606ff000 DEOPT UNPACKING pc=0x000001ea64207b2f sp=0x000000158d4fdb78 mode 2
Event: 2.110 Thread 0x000001ea606ff000 Uncommon trap: trap_request=0xffffffc6 fr.pc=0x000001ea6bdf1628 relative=0x00000000000002a8
Event: 2.110 Thread 0x000001ea606ff000 Uncommon trap: reason=bimorphic_or_optimized_type_check action=maybe_recompile pc=0x000001ea6bdf1628 method=org.jetbrains.kotlin.psi.stubs.elements.KtDotQualifiedExpressionElementType.checkNodeTypesTraversal(Lorg/jetbrains/kotlin/com/intellij/lang/ASTNode
Event: 2.110 Thread 0x000001ea606ff000 DEOPT PACKING pc=0x000001ea6bdf1628 sp=0x000000158d4fcbd0
Event: 2.110 Thread 0x000001ea606ff000 DEOPT UNPACKING pc=0x000001ea64207b2f sp=0x000000158d4fcae8 mode 2
Event: 2.110 Thread 0x000001ea606ff000 Uncommon trap: trap_request=0xffffffc6 fr.pc=0x000001ea6bdf1628 relative=0x00000000000002a8
Event: 2.110 Thread 0x000001ea606ff000 Uncommon trap: reason=bimorphic_or_optimized_type_check action=maybe_recompile pc=0x000001ea6bdf1628 method=org.jetbrains.kotlin.psi.stubs.elements.KtDotQualifiedExpressionElementType.checkNodeTypesTraversal(Lorg/jetbrains/kotlin/com/intellij/lang/ASTNode
Event: 2.110 Thread 0x000001ea606ff000 DEOPT PACKING pc=0x000001ea6bdf1628 sp=0x000000158d4fcaf0
Event: 2.110 Thread 0x000001ea606ff000 DEOPT UNPACKING pc=0x000001ea64207b2f sp=0x000000158d4fca08 mode 2

Classes redefined (0 events):
No events

Internal exceptions (20 events):
Event: 0.624 Thread 0x000001ea606ff000 Exception <a 'java/lang/NoSuchMethodError'{0x000000071185e398}: 'int java.lang.invoke.DirectMethodHandle$Holder.invokeSpecial(java.lang.Object, java.lang.Object, java.lang.Object, java.lang.Object)'> (0x000000071185e398) thrown at [./src/hotspot/share/interpreter/linkResolver.cpp, line 773]
Event: 0.626 Thread 0x000001ea606ff000 Exception <a 'java/lang/NoSuchMethodError'{0x000000071186d178}: 'int java.lang.invoke.DelegatingMethodHandle$Holder.reinvoke_L(java.lang.Object, java.lang.Object, java.lang.Object, long, int)'> (0x000000071186d178) thrown at [./src/hotspot/share/interpreter/linkResolver.cpp, line 773]
Event: 0.693 Thread 0x000001ea606ff000 Exception <a 'java/lang/NoSuchMethodError'{0x00000007114d3f20}: 'int java.lang.invoke.DirectMethodHandle$Holder.invokeSpecialIFC(java.lang.Object, java.lang.Object, int)'> (0x00000007114d3f20) thrown at [./src/hotspot/share/interpreter/linkResolver.cpp, line 773]
Event: 0.762 Thread 0x000001ea606ff000 Exception <a 'java/lang/NoSuchMethodError'{0x0000000710ae9690}: 'java.lang.Object java.lang.invoke.DirectMethodHandle$Holder.invokeStaticInit(java.lang.Object, int)'> (0x0000000710ae9690) thrown at [./src/hotspot/share/interpreter/linkResolver.cpp, line 773]
Event: 0.779 Thread 0x000001ea606ff000 Exception <a 'java/lang/NoSuchMethodError'{0x00000007108b48f8}: 'long java.lang.invoke.DirectMethodHandle$Holder.invokeStatic(java.lang.Object)'> (0x00000007108b48f8) thrown at [./src/hotspot/share/interpreter/linkResolver.cpp, line 773]
Event: 0.779 Thread 0x000001ea606ff000 Exception <a 'java/lang/NoSuchMethodError'{0x00000007108b7750}: 'long java.lang.invoke.DirectMethodHandle$Holder.invokeStaticInit(java.lang.Object)'> (0x00000007108b7750) thrown at [./src/hotspot/share/interpreter/linkResolver.cpp, line 773]
Event: 0.823 Thread 0x000001ea606ff000 Exception <a 'java/lang/NoSuchMethodError'{0x0000000712a84ae8}: 'int java.lang.invoke.DirectMethodHandle$Holder.invokeStaticInit(java.lang.Object, java.lang.Object, java.lang.Object)'> (0x0000000712a84ae8) thrown at [./src/hotspot/share/interpreter/linkResolver.cpp, line 773]
Event: 0.827 Thread 0x000001ea606ff000 Exception <a 'java/lang/NoSuchMethodError'{0x0000000712ab0268}: 'int java.lang.invoke.DirectMethodHandle$Holder.invokeStaticInit(java.lang.Object, java.lang.Object)'> (0x0000000712ab0268) thrown at [./src/hotspot/share/interpreter/linkResolver.cpp, line 773]
Event: 0.860 Thread 0x000001ea606ff000 Exception <a 'java/lang/NoSuchMethodError'{0x00000007128c0170}: 'void java.lang.invoke.DirectMethodHandle$Holder.invokeSpecial(java.lang.Object, java.lang.Object)'> (0x00000007128c0170) thrown at [./src/hotspot/share/interpreter/linkResolver.cpp, line 773]
Event: 0.968 Thread 0x000001ea606ff000 Exception <a 'java/lang/NoSuchMethodError'{0x00000007120eaf18}: 'java.lang.Object java.lang.invoke.DirectMethodHandle$Holder.invokeStatic(java.lang.Object, java.lang.Object, java.lang.Object, java.lang.Object, java.lang.Object, java.lang.Object, java.lang.Object, java.lang.Object, java.lang.Object, java.lang.Object, java.lang.Object, java.lang.Object, java.lang.Object, java.lang.Object, java.lang.Object)'> (0x00000007120eaf18) thrown at [./src/hotspot/share/interpreter/linkResolver.cpp, line 773]
Event: 0.969 Thread 0x000001ea606ff000 Exception <a 'java/lang/NoSuchMethodError'{0x00000007120f8f20}: 'java.lang.Object java.lang.invoke.DirectMethodHandle$Holder.invokeStatic(java.lang.Object, java.lang.Object, java.lang.Object, java.lang.Object, java.lang.Object, java.lang.Object, java.lang.Object, java.lang.Object, java.lang.Object, java.lang.Object, java.lang.Object, java.lang.Object, java.lang.Object, java.lang.Object, java.lang.Object, java.lang.Object)'> (0x00000007120f8f20) thrown at [./src/hotspot/share/interpreter/linkResolver.cpp, l
Event: 0.970 Thread 0x000001ea606ff000 Exception <a 'java/lang/NoSuchMethodError'{0x0000000711f072c8}: 'java.lang.Object java.lang.invoke.DirectMethodHandle$Holder.invokeSpecial(java.lang.Object, java.lang.Object, int, int, java.lang.Object, java.lang.Object, java.lang.Object)'> (0x0000000711f072c8) thrown at [./src/hotspot/share/interpreter/linkResolver.cpp, line 773]
Event: 0.970 Thread 0x000001ea606ff000 Exception <a 'java/lang/NoSuchMethodError'{0x0000000711f0ab00}: 'java.lang.Object java.lang.invoke.DelegatingMethodHandle$Holder.reinvoke_L(java.lang.Object, int, int, java.lang.Object, java.lang.Object, java.lang.Object)'> (0x0000000711f0ab00) thrown at [./src/hotspot/share/interpreter/linkResolver.cpp, line 773]
Event: 0.970 Thread 0x000001ea606ff000 Exception <a 'java/lang/NoSuchMethodError'{0x0000000711f0ee88}: 'java.lang.Object java.lang.invoke.DirectMethodHandle$Holder.invokeStatic(java.lang.Object, java.lang.Object, java.lang.Object, java.lang.Object, int)'> (0x0000000711f0ee88) thrown at [./src/hotspot/share/interpreter/linkResolver.cpp, line 773]
Event: 0.994 Thread 0x000001ea606ff000 Exception <a 'java/lang/NoSuchMethodError'{0x0000000711e34168}: 'void java.lang.invoke.DirectMethodHandle$Holder.invokeStatic(java.lang.Object, java.lang.Object, java.lang.Object, java.lang.Object)'> (0x0000000711e34168) thrown at [./src/hotspot/share/interpreter/linkResolver.cpp, line 773]
Event: 1.034 Thread 0x000001ea606ff000 Exception <a 'java/lang/NoSuchMethodError'{0x0000000711a13060}: 'void java.lang.invoke.DirectMethodHandle$Holder.invokeStaticInit(java.lang.Object, java.lang.Object)'> (0x0000000711a13060) thrown at [./src/hotspot/share/interpreter/linkResolver.cpp, line 773]
Event: 1.078 Thread 0x000001ea606ff000 Exception <a 'java/lang/NoSuchMethodError'{0x00000007116349b8}: 'void java.lang.invoke.DirectMethodHandle$Holder.invokeVirtual(java.lang.Object, java.lang.Object)'> (0x00000007116349b8) thrown at [./src/hotspot/share/interpreter/linkResolver.cpp, line 773]
Event: 1.084 Thread 0x000001ea606ff000 Exception <a 'java/lang/NoSuchMethodError'{0x00000007116ad838}: 'int java.lang.invoke.DirectMethodHandle$Holder.invokeVirtual(java.lang.Object, java.lang.Object)'> (0x00000007116ad838) thrown at [./src/hotspot/share/interpreter/linkResolver.cpp, line 773]
Event: 1.530 Thread 0x000001ea606ff000 Exception <a 'java/lang/NoSuchMethodError'{0x0000000711d4ac00}: 'java.lang.Object java.lang.invoke.DirectMethodHandle$Holder.invokeVirtual(java.lang.Object, java.lang.Object, java.lang.Object)'> (0x0000000711d4ac00) thrown at [./src/hotspot/share/interpreter/linkResolver.cpp, line 773]
Event: 2.022 Thread 0x000001ea606ff000 Exception <a 'java/lang/NoSuchMethodError'{0x0000000713973ad8}: 'java.lang.Object java.lang.invoke.Invokers$Holder.linkToTargetMethod(java.lang.Object, int, java.lang.Object)'> (0x0000000713973ad8) thrown at [./src/hotspot/share/interpreter/linkResolver.cpp, line 773]

Events (20 events):
Event: 2.147 loading class org/jetbrains/kotlin/resolve/lazy/descriptors/LazyClassDescriptor done
Event: 2.147 loading class org/jetbrains/kotlin/storage/LockBasedStorageManager$6
Event: 2.147 loading class org/jetbrains/kotlin/storage/LockBasedStorageManager$6 done
Event: 2.147 loading class org/jetbrains/kotlin/resolve/lazy/descriptors/ClassResolutionScopesSupport
Event: 2.147 loading class org/jetbrains/kotlin/resolve/lazy/descriptors/ClassResolutionScopesSupport done
Event: 2.148 loading class org/jetbrains/kotlin/resolve/lazy/descriptors/ClassResolutionScopesSupport$Companion
Event: 2.148 loading class org/jetbrains/kotlin/resolve/lazy/descriptors/ClassResolutionScopesSupport$Companion done
Event: 2.148 loading class org/jetbrains/kotlin/resolve/lazy/descriptors/ClassResolutionScopesSupport$Companion$createErrorLexicalScope$1
Event: 2.148 loading class org/jetbrains/kotlin/resolve/lazy/descriptors/ClassResolutionScopesSupport$Companion$createErrorLexicalScope$1 done
Event: 2.148 loading class org/jetbrains/kotlin/resolve/scopes/LexicalScope
Event: 2.148 loading class org/jetbrains/kotlin/resolve/scopes/LexicalScope done
Event: 2.148 loading class org/jetbrains/kotlin/resolve/scopes/LexicalScope
Event: 2.148 loading class org/jetbrains/kotlin/resolve/scopes/LexicalScope done
Event: 2.148 loading class org/jetbrains/kotlin/resolve/lazy/descriptors/LazyClassDescriptor
Event: 2.148 loading class org/jetbrains/kotlin/resolve/lazy/descriptors/LazyClassDescriptor done
Event: 2.148 loading class org/jetbrains/kotlin/resolve/lazy/descriptors/ClassResolutionScopesSupport$scopeForClassHeaderResolution$1
Event: 2.148 loading class org/jetbrains/kotlin/resolve/lazy/descriptors/ClassResolutionScopesSupport$scopeForClassHeaderResolution$1 done
Event: 2.149 loading class org/jetbrains/kotlin/storage/LockBasedStorageManager$3
Event: 2.149 loading class org/jetbrains/kotlin/storage/LockBasedStorageManager$3 done
Event: 2.149 Executing VM operation: Deoptimize


Dynamic libraries:
0x00007ff7f2c90000 - 0x00007ff7f2c9a000 	C:\Program Files\Android\Android Studio\jre\bin\java.exe
0x00007ffb981e0000 - 0x00007ffb983d0000 	C:\Windows\SYSTEM32\ntdll.dll
0x00007ffb97f50000 - 0x00007ffb98003000 	C:\Windows\System32\KERNEL32.DLL
0x00007ffb95500000 - 0x00007ffb957a5000 	C:\Windows\System32\KERNELBASE.dll
0x00007ffb958b0000 - 0x00007ffb959aa000 	C:\Windows\System32\ucrtbase.dll
0x00007ffb7c060000 - 0x00007ffb7c077000 	C:\Program Files\Android\Android Studio\jre\bin\VCRUNTIME140.dll
0x00007ffb7c9a0000 - 0x00007ffb7c9b9000 	C:\Program Files\Android\Android Studio\jre\bin\jli.dll
0x00007ffb96da0000 - 0x00007ffb96f34000 	C:\Windows\System32\USER32.dll
0x00007ffb7e510000 - 0x00007ffb7e794000 	C:\Windows\WinSxS\amd64_microsoft.windows.common-controls_6595b64144ccf1df_6.0.18362.1916_none_9e7a3577e461ddbd\COMCTL32.dll
0x00007ffb95150000 - 0x00007ffb95171000 	C:\Windows\System32\win32u.dll
0x00007ffb97eb0000 - 0x00007ffb97f4e000 	C:\Windows\System32\msvcrt.dll
0x00007ffb97dd0000 - 0x00007ffb97df6000 	C:\Windows\System32\GDI32.dll
0x00007ffb95230000 - 0x00007ffb953c8000 	C:\Windows\System32\gdi32full.dll
0x00007ffb96a60000 - 0x00007ffb96d96000 	C:\Windows\System32\combase.dll
0x00007ffb95810000 - 0x00007ffb958ae000 	C:\Windows\System32\msvcp_win.dll
0x00007ffb965a0000 - 0x00007ffb966bf000 	C:\Windows\System32\RPCRT4.dll
0x00007ffb951a0000 - 0x00007ffb95224000 	C:\Windows\System32\bcryptPrimitives.dll
0x00007ffb96560000 - 0x00007ffb9658e000 	C:\Windows\System32\IMM32.DLL
0x00007ffb63760000 - 0x00007ffb637fd000 	C:\Program Files\Android\Android Studio\jre\bin\msvcp140.dll
0x00007ffb405e0000 - 0x00007ffb410af000 	C:\Program Files\Android\Android Studio\jre\bin\server\jvm.dll
0x00007ffb966c0000 - 0x00007ffb96763000 	C:\Windows\System32\ADVAPI32.dll
0x00007ffb96440000 - 0x00007ffb964d7000 	C:\Windows\System32\sechost.dll
0x00007ffb980e0000 - 0x00007ffb980e8000 	C:\Windows\System32\PSAPI.DLL
0x00007ffb8f450000 - 0x00007ffb8f459000 	C:\Windows\SYSTEM32\WSOCK32.dll
0x00007ffb8b440000 - 0x00007ffb8b464000 	C:\Windows\SYSTEM32\WINMM.dll
0x00007ffb97090000 - 0x00007ffb970ff000 	C:\Windows\System32\WS2_32.dll
0x00007ffb8b470000 - 0x00007ffb8b47a000 	C:\Windows\SYSTEM32\VERSION.dll
0x00007ffb8b410000 - 0x00007ffb8b43d000 	C:\Windows\SYSTEM32\winmmbase.dll
0x00007ffb954b0000 - 0x00007ffb954fa000 	C:\Windows\System32\cfgmgr32.dll
0x00007ffb950e0000 - 0x00007ffb950f1000 	C:\Windows\System32\kernel.appcore.dll
0x00007ffb8c6a0000 - 0x00007ffb8c6b1000 	C:\Program Files\Android\Android Studio\jre\bin\verify.dll
0x00007ffb938f0000 - 0x00007ffb93ae4000 	C:\Windows\SYSTEM32\DBGHELP.DLL
0x00007ffb72bc0000 - 0x00007ffb72bea000 	C:\Windows\SYSTEM32\dbgcore.DLL
0x00007ffb8c5a0000 - 0x00007ffb8c5c9000 	C:\Program Files\Android\Android Studio\jre\bin\java.dll
0x00007ffb8f410000 - 0x00007ffb8f41b000 	C:\Program Files\Android\Android Studio\jre\bin\jimage.dll
0x00007ffb8c0c0000 - 0x00007ffb8c0d8000 	C:\Program Files\Android\Android Studio\jre\bin\zip.dll
0x00007ffb97260000 - 0x00007ffb97947000 	C:\Windows\System32\SHELL32.dll
0x00007ffb97e00000 - 0x00007ffb97ea9000 	C:\Windows\System32\shcore.dll
0x00007ffb95b00000 - 0x00007ffb9627b000 	C:\Windows\System32\windows.storage.dll
0x00007ffb950c0000 - 0x00007ffb950de000 	C:\Windows\System32\profapi.dll
0x00007ffb95100000 - 0x00007ffb9514a000 	C:\Windows\System32\powrprof.dll
0x00007ffb95090000 - 0x00007ffb950a0000 	C:\Windows\System32\UMPDC.dll
0x00007ffb96280000 - 0x00007ffb962d2000 	C:\Windows\System32\shlwapi.dll
0x00007ffb95180000 - 0x00007ffb95197000 	C:\Windows\System32\cryptsp.dll
0x00007ffb8bfb0000 - 0x00007ffb8bfca000 	C:\Program Files\Android\Android Studio\jre\bin\net.dll
0x00007ffb8d890000 - 0x00007ffb8d989000 	C:\Windows\SYSTEM32\WINHTTP.dll
0x00007ffb948d0000 - 0x00007ffb94937000 	C:\Windows\system32\mswsock.dll
0x00007ffb8bee0000 - 0x00007ffb8bef4000 	C:\Program Files\Android\Android Studio\jre\bin\nio.dll

dbghelp: loaded successfully - version: 4.0.5 - missing functions: none
symbol engine: initialized successfully - sym options: 0x614 - pdb path: .;C:\Program Files\Android\Android Studio\jre\bin;C:\Windows\SYSTEM32;C:\Windows\WinSxS\amd64_microsoft.windows.common-controls_6595b64144ccf1df_6.0.18362.1916_none_9e7a3577e461ddbd;C:\Program Files\Android\Android Studio\jre\bin\server

VM Arguments:
java_command: org.jetbrains.kotlin.cli.jvm.K2JVMCompiler @D:\OneDrive\OneDrive - Office 365 Fontys\Uni\Electives\ANDR\ANDR2\app\build\20211125_5162908179148761791.compiler.options
java_class_path (initial): C:\Users\ISSD\.gradle\caches\modules-2\files-2.1\org.jetbrains.kotlin\kotlin-compiler-embeddable\1.6.0\aa8da3bedc53c89219b84a0b40c7419431a13e76\kotlin-compiler-embeddable-1.6.0.jar;C:\Users\ISSD\.gradle\caches\modules-2\files-2.1\org.jetbrains.kotlin\kotlin-reflect\1.6.0\a215a7f914d5916dc5fd2d45cea16524e0220203\kotlin-reflect-1.6.0.jar;C:\Users\ISSD\.gradle\caches\modules-2\files-2.1\org.jetbrains.kotlin\kotlin-stdlib\1.6.0\a40b8b22529b733892edf4b73468ce598bb17f04\kotlin-stdlib-1.6.0.jar;C:\Users\ISSD\.gradle\caches\modules-2\files-2.1\org.jetbrains.kotlin\kotlin-script-runtime\1.6.0\55f72526ddcff6fc77d72cdf949c7e3d9bd95620\kotlin-script-runtime-1.6.0.jar;C:\Users\ISSD\.gradle\caches\modules-2\files-2.1\org.jetbrains.kotlin\kotlin-daemon-embeddable\1.6.0\d6242b37f4ce6b637d10847c7558446272ec8432\kotlin-daemon-embeddable-1.6.0.jar;C:\Users\ISSD\.gradle\caches\modules-2\files-2.1\org.jetbrains.intellij.deps\trove4j\1.0.20181211\216c2e14b070f334479d800987affe4054cd563f\trove4j-1.0.20181211.jar;C:\Users\ISSD\.gradle\caches\modules-2\files-2.1\net.java.dev.jna\jna\5.6.0\330f2244e9030119ab3030fc3fededc86713d9cc\jna-5.6.0.jar;C:\Users\ISSD\.gradle\caches\modules-2\files-2.1\org.jetbrains\annotations\13.0\919f0dfe192fb4e063e7dacadee7f8bb9a2672a9\annotations-13.0.jar;C:\Users\ISSD\.gradle\caches\modules-2\files-2.1\org.jetbrains.kotlin\kotlin-stdlib-common\1.6.0\7857e365f925cfa060f941c1357cda1f8790502c\kotlin-stdlib-common-1.6.0.jar
Launcher Type: SUN_STANDARD

[Global flags]
     intx CICompilerCount                          = 4                                         {product} {ergonomic}
     uint ConcGCThreads                            = 2                                         {product} {ergonomic}
     uint G1ConcRefinementThreads                  = 8                                         {product} {ergonomic}
   size_t G1HeapRegionSize                         = 1048576                                   {product} {ergonomic}
    uintx GCDrainStackTargetSize                   = 64                                        {product} {ergonomic}
   size_t InitialHeapSize                          = 266338304                                 {product} {ergonomic}
   size_t MarkStackSize                            = 4194304                                   {product} {ergonomic}
   size_t MaxHeapSize                              = 4246732800                                {product} {ergonomic}
   size_t MaxNewSize                               = 2548039680                                {product} {ergonomic}
   size_t MinHeapDeltaBytes                        = 1048576                                   {product} {ergonomic}
    uintx NonNMethodCodeHeapSize                   = 5836300                                {pd product} {ergonomic}
    uintx NonProfiledCodeHeapSize                  = 122910970                              {pd product} {ergonomic}
    uintx ProfiledCodeHeapSize                     = 122910970                              {pd product} {ergonomic}
    uintx ReservedCodeCacheSize                    = 251658240                              {pd product} {ergonomic}
     bool SegmentedCodeCache                       = true                                      {product} {ergonomic}
     bool UseCompressedClassPointers               = true                                 {lp64_product} {ergonomic}
     bool UseCompressedOops                        = true                                 {lp64_product} {ergonomic}
     bool UseG1GC                                  = true                                      {product} {ergonomic}
     bool UseLargePagesIndividualAllocation        = false                                  {pd product} {ergonomic}

Logging:
Log output configuration:
 #0: stdout all=warning uptime,level,tags
 #1: stderr all=off uptime,level,tags

Environment Variables:
PATH=C:\Program Files\Eclipse Foundation\jdk-8.0.302.8-hotspot\bin;C:\Python310\Scripts\;C:\Python310\;C:\Windows\system32;C:\Windows;C:\Windows\System32\Wbem;C:\Windows\System32\WindowsPowerShell\v1.0\;C:\Windows\System32\OpenSSH\;C:\Program Files\dotnet\;C:\Program Files\Microsoft SQL Server\130\Tools\Binn\;C:\Program Files\Intel\WiFi\bin\;C:\Program Files\Common Files\Intel\WirelessCommon\;C:\Program Files\Microsoft SQL Server\Client SDK\ODBC\170\Tools\Binn\;D:\Software\MATLAB\R2021b\bin;C:\Program Files\Git\cmd;C:\Program Files\nodejs\;C:\ProgramData\chocolatey\bin;C:\Users\ISSD\AppData\Local\Microsoft\WindowsApps;C:\Users\ISSD\AppData\Roaming\npm;C:\Users\ISSD\.dotnet\tools
USERNAME=ISSD
OS=Windows_NT
PROCESSOR_IDENTIFIER=Intel64 Family 6 Model 142 Stepping 11, GenuineIntel



---------------  S Y S T E M  ---------------

OS: Windows 10 , 64 bit Build 18362 (10.0.18362.1916)
OS uptime: 4 days 17:53 hours

CPU:total 8 (initial active 8) (4 cores per cpu, 2 threads per core) family 6 model 142 stepping 11 microcode 0xb8, cmov, cx8, fxsr, mmx, sse, sse2, sse3, ssse3, sse4.1, sse4.2, popcnt, avx, avx2, aes, clmul, erms, 3dnowpref, lzcnt, ht, tsc, tscinvbit, bmi1, bmi2, adx, fma

Memory: 4k page, system-wide physical 16198M (2975M free)
TotalPageFile size 16198M (AvailPageFile size 6M)
current process WorkingSet (physical memory assigned to process): 287M, peak: 288M
current process commit charge ("private bytes"): 506M, peak: 509M

vm_info: OpenJDK 64-Bit Server VM (11.0.10+0-b96-7249189) for windows-amd64 JRE (11.0.10+0-b96-7249189), built on Mar 31 2021 21:44:00 by "builder" with MS VC++ 14.0 (VS2015)

END.
