#
# There is insufficient memory for the Java Runtime Environment to continue.
# Native memory allocation (mmap) failed to map 65536 bytes for Failed to commit area from 0x00000191b17a0000 to 0x00000191b17b0000 of length 65536.
# Possible reasons:
#   The system is out of physical RAM or swap space
#   The process is running with CompressedOops enabled, and the Java Heap may be blocking the growth of the native heap
# Possible solutions:
#   Reduce memory load on the system
#   Increase physical memory or swap space
#   Check if swap backing store is full
#   Decrease Java heap size (-Xmx/-Xms)
#   Decrease number of Java threads
#   Decrease Java thread stack sizes (-Xss)
#   Set larger code cache with -XX:ReservedCodeCacheSize=
# This output file may be truncated or incomplete.
#
#  Out of Memory Error (./src/hotspot/os/windows/os_windows.cpp:3301), pid=2572, tid=15960
#
# JRE version:  (11.0.10) (build )
# Java VM: OpenJDK 64-Bit Server VM (11.0.10+0-b96-7249189, mixed mode, sharing, tiered, compressed oops, g1 gc, windows-amd64)
# No core dump will be written. Minidumps are not enabled by default on client versions of Windows
#

---------------  S U M M A R Y ------------

Command Line: org.jetbrains.git4idea.http.GitAskPassApp Username for 'https://git.fhict.nl': 

Host: Intel(R) Core(TM) i7-8565U CPU @ 1.80GHz, 8 cores, 15G,  Windows 10 , 64 bit Build 18362 (10.0.18362.1916)
Time: Wed Nov 24 22:09:45 2021 W. Europe Standard Time elapsed time: 0.013011 seconds (0d 0h 0m 0s)

---------------  T H R E A D  ---------------

Current thread (0x000001919d98e800):  JavaThread "Unknown thread" [_thread_in_vm, id=15960, stack(0x0000000aa4700000,0x0000000aa4800000)]

Stack: [0x0000000aa4700000,0x0000000aa4800000]
Native frames: (J=compiled Java code, j=interpreted, Vv=VM code, C=native code)
V  [jvm.dll+0x5ecfaa]
V  [jvm.dll+0x722bd5]
V  [jvm.dll+0x72412d]
V  [jvm.dll+0x7247e3]
V  [jvm.dll+0x242928]
V  [jvm.dll+0x5ea374]
V  [jvm.dll+0x5df425]
V  [jvm.dll+0x2fdebb]
V  [jvm.dll+0x2fde2a]
V  [jvm.dll+0x2fdd02]
V  [jvm.dll+0x302d05]
V  [jvm.dll+0x34b9a6]
V  [jvm.dll+0x34b3a3]
V  [jvm.dll+0x2d8888]
V  [jvm.dll+0x2d9a37]
V  [jvm.dll+0x701737]
V  [jvm.dll+0x702f2c]
V  [jvm.dll+0x3587d9]
V  [jvm.dll+0x6e4fae]
V  [jvm.dll+0x3c0be3]
V  [jvm.dll+0x3c2e91]
C  [jli.dll+0x5373]
C  [ucrtbase.dll+0x210b2]
C  [KERNEL32.DLL+0x17c24]
C  [ntdll.dll+0x6d721]


---------------  P R O C E S S  ---------------

Threads class SMR info:
_java_thread_list=0x000001919b8e6ce0, length=0, elements={
}

Java Threads: ( => current thread )

Other Threads:
  0x000001919d9a5000 GCTaskThread "GC Thread#0" [stack: 0x0000000aa4800000,0x0000000aa4900000] [id=16568]
  0x000001919da03800 ConcurrentGCThread "G1 Main Marker" [stack: 0x0000000aa4900000,0x0000000aa4a00000] [id=7536]
  0x000001919da04800 ConcurrentGCThread "G1 Conc#0" [stack: 0x0000000aa4a00000,0x0000000aa4b00000] [id=19448]

[error occurred during error reporting (printing all threads), id 0xc0000005, EXCEPTION_ACCESS_VIOLATION (0xc0000005) at pc=0x00007ffb55ef9107]

VM state:not at safepoint (not fully initialized)

VM Mutex/Monitor currently owned by a thread:  ([mutex/lock_event])
[0x000001919d9891c0] Heap_lock - owner thread: 0x000001919d98e800

Heap address: 0x0000000702e00000, size: 4050 MB, Compressed Oops mode: Non-zero based: 0x0000000702e00000
Narrow klass base: 0x0000000000000000, Narrow klass shift: 0

GC Heap History (0 events):
No events

Deoptimization events (0 events):
No events

Classes redefined (0 events):
No events

Internal exceptions (0 events):
No events

Events (1 events):
Event: 0.005 Loaded shared library C:\Program Files\Android\Android Studio\jre\bin\zip.dll


Dynamic libraries:
0x00007ff7f2c90000 - 0x00007ff7f2c9a000 	C:\Program Files\Android\Android Studio\jre\bin\java.exe
0x00007ffb981e0000 - 0x00007ffb983d0000 	C:\Windows\SYSTEM32\ntdll.dll
0x00007ffb97f50000 - 0x00007ffb98003000 	C:\Windows\System32\KERNEL32.DLL
0x00007ffb95500000 - 0x00007ffb957a5000 	C:\Windows\System32\KERNELBASE.dll
0x00007ffb958b0000 - 0x00007ffb959aa000 	C:\Windows\System32\ucrtbase.dll
0x00007ffb8b2f0000 - 0x00007ffb8b309000 	C:\Program Files\Android\Android Studio\jre\bin\jli.dll
0x00007ffb8b1e0000 - 0x00007ffb8b1f7000 	C:\Program Files\Android\Android Studio\jre\bin\VCRUNTIME140.dll
0x00007ffb96da0000 - 0x00007ffb96f34000 	C:\Windows\System32\USER32.dll
0x00007ffb7e510000 - 0x00007ffb7e794000 	C:\Windows\WinSxS\amd64_microsoft.windows.common-controls_6595b64144ccf1df_6.0.18362.1916_none_9e7a3577e461ddbd\COMCTL32.dll
0x00007ffb95150000 - 0x00007ffb95171000 	C:\Windows\System32\win32u.dll
0x00007ffb97eb0000 - 0x00007ffb97f4e000 	C:\Windows\System32\msvcrt.dll
0x00007ffb97dd0000 - 0x00007ffb97df6000 	C:\Windows\System32\GDI32.dll
0x00007ffb96a60000 - 0x00007ffb96d96000 	C:\Windows\System32\combase.dll
0x00007ffb95230000 - 0x00007ffb953c8000 	C:\Windows\System32\gdi32full.dll
0x00007ffb965a0000 - 0x00007ffb966bf000 	C:\Windows\System32\RPCRT4.dll
0x00007ffb95810000 - 0x00007ffb958ae000 	C:\Windows\System32\msvcp_win.dll
0x00007ffb951a0000 - 0x00007ffb95224000 	C:\Windows\System32\bcryptPrimitives.dll
0x00007ffb96560000 - 0x00007ffb9658e000 	C:\Windows\System32\IMM32.DLL
0x00007ffb6b1e0000 - 0x00007ffb6b27d000 	C:\Program Files\Android\Android Studio\jre\bin\msvcp140.dll
0x00007ffb55c10000 - 0x00007ffb566df000 	C:\Program Files\Android\Android Studio\jre\bin\server\jvm.dll
0x00007ffb966c0000 - 0x00007ffb96763000 	C:\Windows\System32\ADVAPI32.dll
0x00007ffb96440000 - 0x00007ffb964d7000 	C:\Windows\System32\sechost.dll
0x00007ffb980e0000 - 0x00007ffb980e8000 	C:\Windows\System32\PSAPI.DLL
0x00007ffb8f450000 - 0x00007ffb8f459000 	C:\Windows\SYSTEM32\WSOCK32.dll
0x00007ffb8b440000 - 0x00007ffb8b464000 	C:\Windows\SYSTEM32\WINMM.dll
0x00007ffb97090000 - 0x00007ffb970ff000 	C:\Windows\System32\WS2_32.dll
0x00007ffb8b470000 - 0x00007ffb8b47a000 	C:\Windows\SYSTEM32\VERSION.dll
0x00007ffb8b410000 - 0x00007ffb8b43d000 	C:\Windows\SYSTEM32\WINMMBASE.dll
0x00007ffb954b0000 - 0x00007ffb954fa000 	C:\Windows\System32\cfgmgr32.dll
0x00007ffb950e0000 - 0x00007ffb950f1000 	C:\Windows\System32\kernel.appcore.dll
0x00007ffb8f400000 - 0x00007ffb8f411000 	C:\Program Files\Android\Android Studio\jre\bin\verify.dll
0x00007ffb938f0000 - 0x00007ffb93ae4000 	C:\Windows\SYSTEM32\DBGHELP.DLL
0x00007ffb72bc0000 - 0x00007ffb72bea000 	C:\Windows\SYSTEM32\dbgcore.DLL
0x00007ffb8c5a0000 - 0x00007ffb8c5c9000 	C:\Program Files\Android\Android Studio\jre\bin\java.dll
0x00007ffb8f3f0000 - 0x00007ffb8f3fb000 	C:\Program Files\Android\Android Studio\jre\bin\jimage.dll
0x00007ffb8c6a0000 - 0x00007ffb8c6b8000 	C:\Program Files\Android\Android Studio\jre\bin\zip.dll

dbghelp: loaded successfully - version: 4.0.5 - missing functions: none
symbol engine: initialized successfully - sym options: 0x614 - pdb path: .;C:\Program Files\Android\Android Studio\jre\bin;C:\Windows\SYSTEM32;C:\Windows\WinSxS\amd64_microsoft.windows.common-controls_6595b64144ccf1df_6.0.18362.1916_none_9e7a3577e461ddbd;C:\Program Files\Android\Android Studio\jre\bin\server

VM Arguments:
java_command: org.jetbrains.git4idea.http.GitAskPassApp Username for 'https://git.fhict.nl': 
java_class_path (initial): C:/Program Files/Android/Android Studio/plugins/git4idea/lib/git4idea-rt.jar;C:/Program Files/Android/Android Studio/lib/xmlrpc-2.0.1.jar;C:/Program Files/Android/Android Studio/lib/commons-codec-1.14.jar
Launcher Type: SUN_STANDARD

[Global flags]
     intx CICompilerCount                          = 4                                         {product} {ergonomic}
     uint ConcGCThreads                            = 2                                         {product} {ergonomic}
     uint G1ConcRefinementThreads                  = 8                                         {product} {ergonomic}
   size_t G1HeapRegionSize                         = 1048576                                   {product} {ergonomic}
    uintx GCDrainStackTargetSize                   = 64                                        {product} {ergonomic}
   size_t InitialHeapSize                          = 266338304                                 {product} {ergonomic}
   size_t MarkStackSize                            = 4194304                                   {product} {ergonomic}
   size_t MaxHeapSize                              = 4246732800                                {product} {ergonomic}
   size_t MinHeapDeltaBytes                        = 1048576                                   {product} {ergonomic}
    uintx NonNMethodCodeHeapSize                   = 5836300                                {pd product} {ergonomic}
    uintx NonProfiledCodeHeapSize                  = 122910970                              {pd product} {ergonomic}
    uintx ProfiledCodeHeapSize                     = 122910970                              {pd product} {ergonomic}
    uintx ReservedCodeCacheSize                    = 251658240                              {pd product} {ergonomic}
     bool SegmentedCodeCache                       = true                                      {product} {ergonomic}
     bool UseCompressedClassPointers               = true                                 {lp64_product} {ergonomic}
     bool UseCompressedOops                        = true                                 {lp64_product} {ergonomic}
     bool UseG1GC                                  = true                                      {product} {ergonomic}
     bool UseLargePagesIndividualAllocation        = false                                  {pd product} {ergonomic}

Logging:
Log output configuration:
 #0: stdout all=warning uptime,level,tags
 #1: stderr all=off uptime,level,tags

Environment Variables:
PATH=C:/Program Files/Git/mingw64/libexec/git-core;C:/Program Files/Git/mingw64/libexec/git-core;C:\Program Files\Git\mingw64\bin;C:\Program Files\Git\usr\bin;C:\Users\ISSD\bin;C:\Program Files\Eclipse Foundation\jdk-8.0.302.8-hotspot\bin;C:\Python310\Scripts\;C:\Python310\;C:\Windows\system32;C:\Windows;C:\Windows\System32\Wbem;C:\Windows\System32\WindowsPowerShell\v1.0\;C:\Windows\System32\OpenSSH\;C:\Program Files\dotnet\;C:\Program Files\Microsoft SQL Server\130\Tools\Binn\;C:\Program Files\Intel\WiFi\bin\;C:\Program Files\Common Files\Intel\WirelessCommon\;C:\Program Files\Microsoft SQL Server\Client SDK\ODBC\170\Tools\Binn\;D:\Software\MATLAB\R2021b\bin;C:\Program Files\Git\cmd;C:\Program Files\nodejs\;C:\ProgramData\chocolatey\bin;C:\Users\ISSD\AppData\Local\Microsoft\WindowsApps;C:\Users\ISSD\AppData\Roaming\npm;C:\Users\ISSD\.dotnet\tools
USERNAME=ISSD
DISPLAY=:0.0
LC_ALL=en_US.UTF-8
OS=Windows_NT
PROCESSOR_IDENTIFIER=Intel64 Family 6 Model 142 Stepping 11, GenuineIntel



---------------  S Y S T E M  ---------------

OS: Windows 10 , 64 bit Build 18362 (10.0.18362.1916)
OS uptime: 4 days 1:28 hours

CPU:total 8 (initial active 8) (4 cores per cpu, 2 threads per core) family 6 model 142 stepping 11 microcode 0xb8, cmov, cx8, fxsr, mmx, sse, sse2, sse3, ssse3, sse4.1, sse4.2, popcnt, avx, avx2, aes, clmul, erms, 3dnowpref, lzcnt, ht, tsc, tscinvbit, bmi1, bmi2, adx, fma

Memory: 4k page, system-wide physical 16198M (2554M free)
TotalPageFile size 16198M (AvailPageFile size 3M)
current process WorkingSet (physical memory assigned to process): 18M, peak: 18M
current process commit charge ("private bytes"): 324M, peak: 324M

vm_info: OpenJDK 64-Bit Server VM (11.0.10+0-b96-7249189) for windows-amd64 JRE (11.0.10+0-b96-7249189), built on Mar 31 2021 21:44:00 by "builder" with MS VC++ 14.0 (VS2015)

END.
